{"/home/galiprandi/repos/acp-connector/src/acp-client.js": {"path":"/home/galiprandi/repos/acp-connector/src/acp-client.js","statementMap":{"0":{"start":{"line":13,"column":15},"end":{"line":13,"column":17}},"1":{"start":{"line":14,"column":10},"end":{"line":14,"column":11}},"2":{"start":{"line":15,"column":17},"end":{"line":15,"column":22}},"3":{"start":{"line":17,"column":2},"end":{"line":47,"column":null}},"4":{"start":{"line":18,"column":15},"end":{"line":18,"column":22}},"5":{"start":{"line":20,"column":4},"end":{"line":25,"column":null}},"6":{"start":{"line":21,"column":6},"end":{"line":21,"column":null}},"7":{"start":{"line":22,"column":6},"end":{"line":22,"column":null}},"8":{"start":{"line":23,"column":6},"end":{"line":23,"column":null}},"9":{"start":{"line":24,"column":6},"end":{"line":24,"column":null}},"10":{"start":{"line":27,"column":4},"end":{"line":31,"column":null}},"11":{"start":{"line":28,"column":6},"end":{"line":28,"column":null}},"12":{"start":{"line":29,"column":6},"end":{"line":29,"column":null}},"13":{"start":{"line":30,"column":6},"end":{"line":30,"column":null}},"14":{"start":{"line":33,"column":4},"end":{"line":36,"column":null}},"15":{"start":{"line":34,"column":6},"end":{"line":34,"column":null}},"16":{"start":{"line":34,"column":50},"end":{"line":34,"column":null}},"17":{"start":{"line":35,"column":6},"end":{"line":35,"column":null}},"18":{"start":{"line":38,"column":4},"end":{"line":43,"column":null}},"19":{"start":{"line":39,"column":6},"end":{"line":39,"column":null}},"20":{"start":{"line":40,"column":6},"end":{"line":40,"column":null}},"21":{"start":{"line":40,"column":75},"end":{"line":40,"column":null}},"22":{"start":{"line":41,"column":6},"end":{"line":41,"column":null}},"23":{"start":{"line":42,"column":6},"end":{"line":42,"column":null}},"24":{"start":{"line":45,"column":4},"end":{"line":45,"column":null}},"25":{"start":{"line":46,"column":4},"end":{"line":46,"column":null}},"26":{"start":{"line":49,"column":2},"end":{"line":49,"column":null}},"27":{"start":{"line":68,"column":4},"end":{"line":68,"column":null}},"28":{"start":{"line":69,"column":4},"end":{"line":69,"column":null}},"29":{"start":{"line":70,"column":4},"end":{"line":70,"column":null}},"30":{"start":{"line":71,"column":4},"end":{"line":71,"column":null}},"31":{"start":{"line":72,"column":4},"end":{"line":72,"column":null}},"32":{"start":{"line":73,"column":4},"end":{"line":73,"column":null}},"33":{"start":{"line":74,"column":4},"end":{"line":74,"column":null}},"34":{"start":{"line":75,"column":4},"end":{"line":75,"column":null}},"35":{"start":{"line":76,"column":4},"end":{"line":76,"column":null}},"36":{"start":{"line":77,"column":4},"end":{"line":77,"column":null}},"37":{"start":{"line":78,"column":4},"end":{"line":78,"column":null}},"38":{"start":{"line":79,"column":4},"end":{"line":79,"column":null}},"39":{"start":{"line":80,"column":4},"end":{"line":80,"column":null}},"40":{"start":{"line":84,"column":4},"end":{"line":84,"column":null}},"41":{"start":{"line":84,"column":33},"end":{"line":84,"column":null}},"42":{"start":{"line":85,"column":4},"end":{"line":91,"column":null}},"43":{"start":{"line":86,"column":18},"end":{"line":86,"column":63}},"44":{"start":{"line":87,"column":6},"end":{"line":87,"column":null}},"45":{"start":{"line":89,"column":6},"end":{"line":89,"column":null}},"46":{"start":{"line":90,"column":6},"end":{"line":90,"column":null}},"47":{"start":{"line":95,"column":4},"end":{"line":99,"column":null}},"48":{"start":{"line":101,"column":4},"end":{"line":106,"column":null}},"49":{"start":{"line":102,"column":19},"end":{"line":102,"column":41}},"50":{"start":{"line":103,"column":6},"end":{"line":105,"column":null}},"51":{"start":{"line":104,"column":8},"end":{"line":104,"column":null}},"52":{"start":{"line":108,"column":4},"end":{"line":110,"column":null}},"53":{"start":{"line":109,"column":6},"end":{"line":109,"column":null}},"54":{"start":{"line":109,"column":28},"end":{"line":109,"column":null}},"55":{"start":{"line":112,"column":18},"end":{"line":112,"column":49}},"56":{"start":{"line":113,"column":19},"end":{"line":113,"column":51}},"57":{"start":{"line":114,"column":19},"end":{"line":114,"column":50}},"58":{"start":{"line":116,"column":4},"end":{"line":118,"column":null}},"59":{"start":{"line":117,"column":6},"end":{"line":117,"column":null}},"60":{"start":{"line":119,"column":4},"end":{"line":122,"column":null}},"61":{"start":{"line":120,"column":6},"end":{"line":120,"column":null}},"62":{"start":{"line":121,"column":6},"end":{"line":121,"column":null}},"63":{"start":{"line":124,"column":26},"end":{"line":124,"column":51}},"64":{"start":{"line":126,"column":4},"end":{"line":172,"column":null}},"65":{"start":{"line":129,"column":8},"end":{"line":129,"column":null}},"66":{"start":{"line":132,"column":27},"end":{"line":135,"column":10}},"67":{"start":{"line":136,"column":8},"end":{"line":136,"column":null}},"68":{"start":{"line":139,"column":8},"end":{"line":162,"column":null}},"69":{"start":{"line":140,"column":29},"end":{"line":142,"column":85}},"70":{"start":{"line":144,"column":23},"end":{"line":144,"column":57}},"71":{"start":{"line":145,"column":28},"end":{"line":145,"column":74}},"72":{"start":{"line":146,"column":26},"end":{"line":146,"column":51}},"73":{"start":{"line":148,"column":10},"end":{"line":156,"column":null}},"74":{"start":{"line":149,"column":35},"end":{"line":149,"column":98}},"75":{"start":{"line":150,"column":12},"end":{"line":150,"column":null}},"76":{"start":{"line":151,"column":17},"end":{"line":156,"column":null}},"77":{"start":{"line":152,"column":33},"end":{"line":152,"column":94}},"78":{"start":{"line":153,"column":12},"end":{"line":153,"column":null}},"79":{"start":{"line":155,"column":12},"end":{"line":155,"column":null}},"80":{"start":{"line":158,"column":26},"end":{"line":160,"column":45}},"81":{"start":{"line":161,"column":10},"end":{"line":161,"column":null}},"82":{"start":{"line":163,"column":8},"end":{"line":163,"column":null}},"83":{"start":{"line":164,"column":8},"end":{"line":164,"column":null}},"84":{"start":{"line":165,"column":8},"end":{"line":165,"column":null}},"85":{"start":{"line":166,"column":8},"end":{"line":166,"column":null}},"86":{"start":{"line":168,"column":8},"end":{"line":168,"column":null}},"87":{"start":{"line":171,"column":8},"end":{"line":171,"column":null}},"88":{"start":{"line":171,"column":33},"end":{"line":171,"column":null}},"89":{"start":{"line":174,"column":4},"end":{"line":174,"column":null}},"90":{"start":{"line":178,"column":4},"end":{"line":180,"column":null}},"91":{"start":{"line":179,"column":6},"end":{"line":179,"column":null}},"92":{"start":{"line":181,"column":21},"end":{"line":181,"column":76}},"93":{"start":{"line":181,"column":49},"end":{"line":181,"column":75}},"94":{"start":{"line":182,"column":4},"end":{"line":184,"column":null}},"95":{"start":{"line":183,"column":6},"end":{"line":183,"column":null}},"96":{"start":{"line":185,"column":4},"end":{"line":185,"column":null}},"97":{"start":{"line":189,"column":4},"end":{"line":189,"column":null}},"98":{"start":{"line":193,"column":4},"end":{"line":193,"column":null}},"99":{"start":{"line":197,"column":4},"end":{"line":197,"column":null}},"100":{"start":{"line":197,"column":22},"end":{"line":197,"column":null}},"101":{"start":{"line":198,"column":4},"end":{"line":198,"column":null}},"102":{"start":{"line":198,"column":26},"end":{"line":198,"column":null}},"103":{"start":{"line":199,"column":4},"end":{"line":199,"column":null}},"104":{"start":{"line":199,"column":19},"end":{"line":199,"column":null}}},"fnMap":{"0":{"name":"parseJSONC","decl":{"start":{"line":12,"column":9},"end":{"line":12,"column":19}},"loc":{"start":{"line":12,"column":26},"end":{"line":50,"column":null}},"line":12},"1":{"name":"constructor","decl":{"start":{"line":67,"column":2},"end":{"line":67,"column":13}},"loc":{"start":{"line":67,"column":82},"end":{"line":81,"column":null}},"line":67},"2":{"name":"_loadSessionConfig","decl":{"start":{"line":83,"column":2},"end":{"line":83,"column":20}},"loc":{"start":{"line":83,"column":23},"end":{"line":92,"column":null}},"line":83},"3":{"name":"start","decl":{"start":{"line":94,"column":8},"end":{"line":94,"column":13}},"loc":{"start":{"line":94,"column":16},"end":{"line":175,"column":null}},"line":94},"4":{"name":"(anonymous_4)","decl":{"start":{"line":101,"column":32},"end":{"line":101,"column":33}},"loc":{"start":{"line":101,"column":42},"end":{"line":106,"column":5}},"line":101},"5":{"name":"(anonymous_5)","decl":{"start":{"line":108,"column":25},"end":{"line":108,"column":26}},"loc":{"start":{"line":108,"column":31},"end":{"line":110,"column":5}},"line":108},"6":{"name":"(anonymous_6)","decl":{"start":{"line":116,"column":34},"end":{"line":116,"column":35}},"loc":{"start":{"line":116,"column":47},"end":{"line":118,"column":5}},"line":116},"7":{"name":"(anonymous_7)","decl":{"start":{"line":119,"column":37},"end":{"line":119,"column":38}},"loc":{"start":{"line":119,"column":58},"end":{"line":122,"column":5}},"line":119},"8":{"name":"(anonymous_8)","decl":{"start":{"line":128,"column":63},"end":{"line":128,"column":64}},"loc":{"start":{"line":129,"column":8},"end":{"line":129,"column":null}},"line":129},"9":{"name":"(anonymous_9)","decl":{"start":{"line":131,"column":27},"end":{"line":131,"column":32}},"loc":{"start":{"line":131,"column":42},"end":{"line":169,"column":7}},"line":131},"10":{"name":"(anonymous_10)","decl":{"start":{"line":170,"column":13},"end":{"line":170,"column":14}},"loc":{"start":{"line":170,"column":22},"end":{"line":172,"column":7}},"line":170},"11":{"name":"_handlePermission","decl":{"start":{"line":177,"column":8},"end":{"line":177,"column":25}},"loc":{"start":{"line":177,"column":34},"end":{"line":186,"column":null}},"line":177},"12":{"name":"(anonymous_12)","decl":{"start":{"line":181,"column":42},"end":{"line":181,"column":43}},"loc":{"start":{"line":181,"column":49},"end":{"line":181,"column":75}},"line":181},"13":{"name":"prompt","decl":{"start":{"line":188,"column":8},"end":{"line":188,"column":14}},"loc":{"start":{"line":188,"column":21},"end":{"line":190,"column":null}},"line":188},"14":{"name":"nextUpdate","decl":{"start":{"line":192,"column":8},"end":{"line":192,"column":18}},"loc":{"start":{"line":192,"column":21},"end":{"line":194,"column":null}},"line":192},"15":{"name":"kill","decl":{"start":{"line":196,"column":2},"end":{"line":196,"column":6}},"loc":{"start":{"line":196,"column":9},"end":{"line":200,"column":null}},"line":196}},"branchMap":{"0":{"loc":{"start":{"line":20,"column":4},"end":{"line":25,"column":null}},"type":"if","locations":[{"start":{"line":20,"column":4},"end":{"line":25,"column":null}},{"start":{},"end":{}}],"line":20},"1":{"loc":{"start":{"line":20,"column":8},"end":{"line":20,"column":42}},"type":"binary-expr","locations":[{"start":{"line":20,"column":8},"end":{"line":20,"column":18}},{"start":{"line":20,"column":22},"end":{"line":20,"column":42}}],"line":20},"2":{"loc":{"start":{"line":27,"column":4},"end":{"line":31,"column":null}},"type":"if","locations":[{"start":{"line":27,"column":4},"end":{"line":31,"column":null}},{"start":{},"end":{}}],"line":27},"3":{"loc":{"start":{"line":33,"column":4},"end":{"line":36,"column":null}},"type":"if","locations":[{"start":{"line":33,"column":4},"end":{"line":36,"column":null}},{"start":{},"end":{}}],"line":33},"4":{"loc":{"start":{"line":33,"column":8},"end":{"line":33,"column":41}},"type":"binary-expr","locations":[{"start":{"line":33,"column":8},"end":{"line":33,"column":18}},{"start":{"line":33,"column":22},"end":{"line":33,"column":41}}],"line":33},"5":{"loc":{"start":{"line":34,"column":13},"end":{"line":34,"column":48}},"type":"binary-expr","locations":[{"start":{"line":34,"column":13},"end":{"line":34,"column":28}},{"start":{"line":34,"column":32},"end":{"line":34,"column":48}}],"line":34},"6":{"loc":{"start":{"line":38,"column":4},"end":{"line":43,"column":null}},"type":"if","locations":[{"start":{"line":38,"column":4},"end":{"line":43,"column":null}},{"start":{},"end":{}}],"line":38},"7":{"loc":{"start":{"line":38,"column":8},"end":{"line":38,"column":41}},"type":"binary-expr","locations":[{"start":{"line":38,"column":8},"end":{"line":38,"column":18}},{"start":{"line":38,"column":22},"end":{"line":38,"column":41}}],"line":38},"8":{"loc":{"start":{"line":40,"column":13},"end":{"line":40,"column":73}},"type":"binary-expr","locations":[{"start":{"line":40,"column":13},"end":{"line":40,"column":28}},{"start":{"line":40,"column":32},"end":{"line":40,"column":73}}],"line":40},"9":{"loc":{"start":{"line":40,"column":34},"end":{"line":40,"column":72}},"type":"binary-expr","locations":[{"start":{"line":40,"column":34},"end":{"line":40,"column":49}},{"start":{"line":40,"column":53},"end":{"line":40,"column":72}}],"line":40},"10":{"loc":{"start":{"line":69,"column":20},"end":{"line":69,"column":45}},"type":"binary-expr","locations":[{"start":{"line":69,"column":20},"end":{"line":69,"column":28}},{"start":{"line":69,"column":32},"end":{"line":69,"column":45}}],"line":69},"11":{"loc":{"start":{"line":70,"column":29},"end":{"line":70,"column":54}},"type":"binary-expr","locations":[{"start":{"line":70,"column":29},"end":{"line":70,"column":46}},{"start":{"line":70,"column":50},"end":{"line":70,"column":54}}],"line":70},"12":{"loc":{"start":{"line":71,"column":27},"end":{"line":71,"column":44}},"type":"binary-expr","locations":[{"start":{"line":71,"column":27},"end":{"line":71,"column":36}},{"start":{"line":71,"column":40},"end":{"line":71,"column":44}}],"line":71},"13":{"loc":{"start":{"line":72,"column":24},"end":{"line":72,"column":44}},"type":"binary-expr","locations":[{"start":{"line":72,"column":24},"end":{"line":72,"column":36}},{"start":{"line":72,"column":40},"end":{"line":72,"column":44}}],"line":72},"14":{"loc":{"start":{"line":84,"column":4},"end":{"line":84,"column":null}},"type":"if","locations":[{"start":{"line":84,"column":4},"end":{"line":84,"column":null}},{"start":{},"end":{}}],"line":84},"15":{"loc":{"start":{"line":103,"column":6},"end":{"line":105,"column":null}},"type":"if","locations":[{"start":{"line":103,"column":6},"end":{"line":105,"column":null}},{"start":{},"end":{}}],"line":103},"16":{"loc":{"start":{"line":103,"column":10},"end":{"line":103,"column":87}},"type":"binary-expr","locations":[{"start":{"line":103,"column":10},"end":{"line":103,"column":14}},{"start":{"line":103,"column":18},"end":{"line":103,"column":87}}],"line":103},"17":{"loc":{"start":{"line":109,"column":6},"end":{"line":109,"column":null}},"type":"if","locations":[{"start":{"line":109,"column":6},"end":{"line":109,"column":null}},{"start":{},"end":{}}],"line":109},"18":{"loc":{"start":{"line":139,"column":8},"end":{"line":162,"column":null}},"type":"if","locations":[{"start":{"line":139,"column":8},"end":{"line":162,"column":null}},{"start":{"line":157,"column":15},"end":{"line":162,"column":null}}],"line":139},"19":{"loc":{"start":{"line":140,"column":29},"end":{"line":142,"column":85}},"type":"cond-expr","locations":[{"start":{"line":141,"column":14},"end":{"line":141,"column":null}},{"start":{"line":142,"column":14},"end":{"line":142,"column":85}}],"line":140},"20":{"loc":{"start":{"line":144,"column":23},"end":{"line":144,"column":57}},"type":"binary-expr","locations":[{"start":{"line":144,"column":23},"end":{"line":144,"column":51}},{"start":{"line":144,"column":55},"end":{"line":144,"column":57}}],"line":144},"21":{"loc":{"start":{"line":148,"column":10},"end":{"line":156,"column":null}},"type":"if","locations":[{"start":{"line":148,"column":10},"end":{"line":156,"column":null}},{"start":{"line":151,"column":17},"end":{"line":156,"column":null}}],"line":148},"22":{"loc":{"start":{"line":151,"column":17},"end":{"line":156,"column":null}},"type":"if","locations":[{"start":{"line":151,"column":17},"end":{"line":156,"column":null}},{"start":{"line":154,"column":17},"end":{"line":156,"column":null}}],"line":151},"23":{"loc":{"start":{"line":158,"column":26},"end":{"line":160,"column":45}},"type":"cond-expr","locations":[{"start":{"line":159,"column":14},"end":{"line":159,"column":null}},{"start":{"line":160,"column":14},"end":{"line":160,"column":45}}],"line":158},"24":{"loc":{"start":{"line":171,"column":8},"end":{"line":171,"column":null}},"type":"if","locations":[{"start":{"line":171,"column":8},"end":{"line":171,"column":null}},{"start":{},"end":{}}],"line":171},"25":{"loc":{"start":{"line":178,"column":4},"end":{"line":180,"column":null}},"type":"if","locations":[{"start":{"line":178,"column":4},"end":{"line":180,"column":null}},{"start":{},"end":{}}],"line":178},"26":{"loc":{"start":{"line":182,"column":4},"end":{"line":184,"column":null}},"type":"if","locations":[{"start":{"line":182,"column":4},"end":{"line":184,"column":null}},{"start":{},"end":{}}],"line":182},"27":{"loc":{"start":{"line":197,"column":4},"end":{"line":197,"column":null}},"type":"if","locations":[{"start":{"line":197,"column":4},"end":{"line":197,"column":null}},{"start":{},"end":{}}],"line":197},"28":{"loc":{"start":{"line":198,"column":4},"end":{"line":198,"column":null}},"type":"if","locations":[{"start":{"line":198,"column":4},"end":{"line":198,"column":null}},{"start":{},"end":{}}],"line":198},"29":{"loc":{"start":{"line":199,"column":4},"end":{"line":199,"column":null}},"type":"if","locations":[{"start":{"line":199,"column":4},"end":{"line":199,"column":null}},{"start":{},"end":{}}],"line":199}},"s":{"0":1,"1":1,"2":1,"3":1,"4":33,"5":33,"6":6,"7":6,"8":6,"9":6,"10":27,"11":17,"12":17,"13":17,"14":10,"15":0,"16":0,"17":0,"18":10,"19":0,"20":0,"21":0,"22":0,"23":0,"24":10,"25":10,"26":1,"27":10,"28":10,"29":10,"30":10,"31":10,"32":10,"33":10,"34":10,"35":10,"36":10,"37":10,"38":10,"39":10,"40":8,"41":7,"42":1,"43":1,"44":1,"45":0,"46":0,"47":8,"48":8,"49":0,"50":0,"51":0,"52":8,"53":0,"54":0,"55":8,"56":8,"57":8,"58":8,"59":8,"60":8,"61":8,"62":8,"63":8,"64":8,"65":0,"66":8,"67":8,"68":8,"69":4,"70":4,"71":4,"72":4,"73":4,"74":1,"75":1,"76":3,"77":2,"78":2,"79":1,"80":4,"81":4,"82":7,"83":7,"84":7,"85":7,"86":7,"87":1,"88":1,"89":8,"90":2,"91":1,"92":1,"93":1,"94":2,"95":1,"96":0,"97":1,"98":1,"99":1,"100":1,"101":1,"102":1,"103":1,"104":1},"f":{"0":1,"1":10,"2":8,"3":8,"4":0,"5":0,"6":8,"7":8,"8":0,"9":8,"10":1,"11":2,"12":1,"13":1,"14":1,"15":1},"b":{"0":[6,27],"1":[33,6],"2":[17,10],"3":[0,10],"4":[10,0],"5":[0,0],"6":[0,10],"7":[10,0],"8":[0,0],"9":[0,0],"10":[10,10],"11":[10,9],"12":[10,6],"13":[10,9],"14":[7,1],"15":[0,0],"16":[0,0],"17":[0,0],"18":[4,4],"19":[1,3],"20":[4,0],"21":[1,3],"22":[2,1],"23":[0,4],"24":[1,0],"25":[1,1],"26":[1,1],"27":[1,0],"28":[1,0],"29":[1,0]},"meta":{"lastBranch":30,"lastFunction":16,"lastStatement":105,"seen":{"f:12:9:12:19":0,"s:13:15:13:17":0,"s:14:10:14:11":1,"s:15:17:15:22":2,"s:17:2:47:Infinity":3,"s:18:15:18:22":4,"b:20:4:25:Infinity:undefined:undefined:undefined:undefined":0,"s:20:4:25:Infinity":5,"b:20:8:20:18:20:22:20:42":1,"s:21:6:21:Infinity":6,"s:22:6:22:Infinity":7,"s:23:6:23:Infinity":8,"s:24:6:24:Infinity":9,"b:27:4:31:Infinity:undefined:undefined:undefined:undefined":2,"s:27:4:31:Infinity":10,"s:28:6:28:Infinity":11,"s:29:6:29:Infinity":12,"s:30:6:30:Infinity":13,"b:33:4:36:Infinity:undefined:undefined:undefined:undefined":3,"s:33:4:36:Infinity":14,"b:33:8:33:18:33:22:33:41":4,"s:34:6:34:Infinity":15,"b:34:13:34:28:34:32:34:48":5,"s:34:50:34:Infinity":16,"s:35:6:35:Infinity":17,"b:38:4:43:Infinity:undefined:undefined:undefined:undefined":6,"s:38:4:43:Infinity":18,"b:38:8:38:18:38:22:38:41":7,"s:39:6:39:Infinity":19,"s:40:6:40:Infinity":20,"b:40:13:40:28:40:32:40:73":8,"b:40:34:40:49:40:53:40:72":9,"s:40:75:40:Infinity":21,"s:41:6:41:Infinity":22,"s:42:6:42:Infinity":23,"s:45:4:45:Infinity":24,"s:46:4:46:Infinity":25,"s:49:2:49:Infinity":26,"f:67:2:67:13":1,"s:68:4:68:Infinity":27,"s:69:4:69:Infinity":28,"b:69:20:69:28:69:32:69:45":10,"s:70:4:70:Infinity":29,"b:70:29:70:46:70:50:70:54":11,"s:71:4:71:Infinity":30,"b:71:27:71:36:71:40:71:44":12,"s:72:4:72:Infinity":31,"b:72:24:72:36:72:40:72:44":13,"s:73:4:73:Infinity":32,"s:74:4:74:Infinity":33,"s:75:4:75:Infinity":34,"s:76:4:76:Infinity":35,"s:77:4:77:Infinity":36,"s:78:4:78:Infinity":37,"s:79:4:79:Infinity":38,"s:80:4:80:Infinity":39,"f:83:2:83:20":2,"b:84:4:84:Infinity:undefined:undefined:undefined:undefined":14,"s:84:4:84:Infinity":40,"s:84:33:84:Infinity":41,"s:85:4:91:Infinity":42,"s:86:18:86:63":43,"s:87:6:87:Infinity":44,"s:89:6:89:Infinity":45,"s:90:6:90:Infinity":46,"f:94:8:94:13":3,"s:95:4:99:Infinity":47,"s:101:4:106:Infinity":48,"f:101:32:101:33":4,"s:102:19:102:41":49,"b:103:6:105:Infinity:undefined:undefined:undefined:undefined":15,"s:103:6:105:Infinity":50,"b:103:10:103:14:103:18:103:87":16,"s:104:8:104:Infinity":51,"s:108:4:110:Infinity":52,"f:108:25:108:26":5,"b:109:6:109:Infinity:undefined:undefined:undefined:undefined":17,"s:109:6:109:Infinity":53,"s:109:28:109:Infinity":54,"s:112:18:112:49":55,"s:113:19:113:51":56,"s:114:19:114:50":57,"s:116:4:118:Infinity":58,"f:116:34:116:35":6,"s:117:6:117:Infinity":59,"s:119:4:122:Infinity":60,"f:119:37:119:38":7,"s:120:6:120:Infinity":61,"s:121:6:121:Infinity":62,"s:124:26:124:51":63,"s:126:4:172:Infinity":64,"f:128:63:128:64":8,"s:129:8:129:Infinity":65,"f:131:27:131:32":9,"s:132:27:135:10":66,"s:136:8:136:Infinity":67,"b:139:8:162:Infinity:157:15:162:Infinity":18,"s:139:8:162:Infinity":68,"s:140:29:142:85":69,"b:141:14:141:Infinity:142:14:142:85":19,"s:144:23:144:57":70,"b:144:23:144:51:144:55:144:57":20,"s:145:28:145:74":71,"s:146:26:146:51":72,"b:148:10:156:Infinity:151:17:156:Infinity":21,"s:148:10:156:Infinity":73,"s:149:35:149:98":74,"s:150:12:150:Infinity":75,"b:151:17:156:Infinity:154:17:156:Infinity":22,"s:151:17:156:Infinity":76,"s:152:33:152:94":77,"s:153:12:153:Infinity":78,"s:155:12:155:Infinity":79,"s:158:26:160:45":80,"b:159:14:159:Infinity:160:14:160:45":23,"s:161:10:161:Infinity":81,"s:163:8:163:Infinity":82,"s:164:8:164:Infinity":83,"s:165:8:165:Infinity":84,"s:166:8:166:Infinity":85,"s:168:8:168:Infinity":86,"f:170:13:170:14":10,"b:171:8:171:Infinity:undefined:undefined:undefined:undefined":24,"s:171:8:171:Infinity":87,"s:171:33:171:Infinity":88,"s:174:4:174:Infinity":89,"f:177:8:177:25":11,"b:178:4:180:Infinity:undefined:undefined:undefined:undefined":25,"s:178:4:180:Infinity":90,"s:179:6:179:Infinity":91,"s:181:21:181:76":92,"f:181:42:181:43":12,"s:181:49:181:75":93,"b:182:4:184:Infinity:undefined:undefined:undefined:undefined":26,"s:182:4:184:Infinity":94,"s:183:6:183:Infinity":95,"s:185:4:185:Infinity":96,"f:188:8:188:14":13,"s:189:4:189:Infinity":97,"f:192:8:192:18":14,"s:193:4:193:Infinity":98,"f:196:2:196:6":15,"b:197:4:197:Infinity:undefined:undefined:undefined:undefined":27,"s:197:4:197:Infinity":99,"s:197:22:197:Infinity":100,"b:198:4:198:Infinity:undefined:undefined:undefined:undefined":28,"s:198:4:198:Infinity":101,"s:198:26:198:Infinity":102,"b:199:4:199:Infinity:undefined:undefined:undefined:undefined":29,"s:199:4:199:Infinity":103,"s:199:19:199:Infinity":104},"fnNames":{}}}
,"/home/galiprandi/repos/acp-connector/src/bot.js": {"path":"/home/galiprandi/repos/acp-connector/src/bot.js","statementMap":{"0":{"start":{"line":3,"column":19},"end":{"line":3,"column":23}},"1":{"start":{"line":4,"column":24},"end":{"line":4,"column":27}},"2":{"start":{"line":32,"column":4},"end":{"line":32,"column":null}},"3":{"start":{"line":33,"column":4},"end":{"line":33,"column":null}},"4":{"start":{"line":34,"column":4},"end":{"line":34,"column":null}},"5":{"start":{"line":35,"column":4},"end":{"line":35,"column":null}},"6":{"start":{"line":36,"column":4},"end":{"line":36,"column":null}},"7":{"start":{"line":37,"column":4},"end":{"line":37,"column":null}},"8":{"start":{"line":38,"column":4},"end":{"line":38,"column":null}},"9":{"start":{"line":40,"column":4},"end":{"line":40,"column":null}},"10":{"start":{"line":41,"column":4},"end":{"line":41,"column":null}},"11":{"start":{"line":42,"column":4},"end":{"line":42,"column":null}},"12":{"start":{"line":43,"column":4},"end":{"line":43,"column":null}},"13":{"start":{"line":44,"column":4},"end":{"line":44,"column":null}},"14":{"start":{"line":45,"column":4},"end":{"line":45,"column":null}},"15":{"start":{"line":46,"column":4},"end":{"line":46,"column":null}},"16":{"start":{"line":47,"column":4},"end":{"line":47,"column":null}},"17":{"start":{"line":48,"column":4},"end":{"line":48,"column":null}},"18":{"start":{"line":52,"column":4},"end":{"line":52,"column":null}},"19":{"start":{"line":56,"column":4},"end":{"line":56,"column":null}},"20":{"start":{"line":56,"column":36},"end":{"line":56,"column":56}},"21":{"start":{"line":57,"column":4},"end":{"line":57,"column":null}},"22":{"start":{"line":57,"column":45},"end":{"line":57,"column":73}},"23":{"start":{"line":58,"column":4},"end":{"line":58,"column":null}},"24":{"start":{"line":58,"column":42},"end":{"line":58,"column":89}},"25":{"start":{"line":62,"column":4},"end":{"line":62,"column":null}},"26":{"start":{"line":66,"column":4},"end":{"line":73,"column":null}},"27":{"start":{"line":77,"column":19},"end":{"line":77,"column":30}},"28":{"start":{"line":78,"column":17},"end":{"line":78,"column":31}},"29":{"start":{"line":80,"column":4},"end":{"line":97,"column":null}},"30":{"start":{"line":81,"column":6},"end":{"line":81,"column":null}},"31":{"start":{"line":82,"column":6},"end":{"line":95,"column":null}},"32":{"start":{"line":83,"column":8},"end":{"line":94,"column":null}},"33":{"start":{"line":96,"column":6},"end":{"line":96,"column":null}},"34":{"start":{"line":99,"column":4},"end":{"line":105,"column":null}},"35":{"start":{"line":103,"column":6},"end":{"line":103,"column":null}},"36":{"start":{"line":104,"column":6},"end":{"line":104,"column":null}},"37":{"start":{"line":108,"column":4},"end":{"line":111,"column":null}},"38":{"start":{"line":109,"column":22},"end":{"line":109,"column":56}},"39":{"start":{"line":110,"column":6},"end":{"line":110,"column":null}},"40":{"start":{"line":110,"column":19},"end":{"line":110,"column":null}},"41":{"start":{"line":113,"column":20},"end":{"line":113,"column":57}},"42":{"start":{"line":114,"column":4},"end":{"line":114,"column":null}},"43":{"start":{"line":116,"column":4},"end":{"line":116,"column":null}},"44":{"start":{"line":117,"column":4},"end":{"line":117,"column":null}},"45":{"start":{"line":126,"column":4},"end":{"line":126,"column":null}},"46":{"start":{"line":127,"column":4},"end":{"line":127,"column":null}},"47":{"start":{"line":131,"column":4},"end":{"line":131,"column":null}},"48":{"start":{"line":131,"column":46},"end":{"line":131,"column":null}},"49":{"start":{"line":133,"column":29},"end":{"line":133,"column":47}},"50":{"start":{"line":134,"column":4},"end":{"line":134,"column":null}},"51":{"start":{"line":135,"column":4},"end":{"line":135,"column":null}},"52":{"start":{"line":136,"column":4},"end":{"line":136,"column":null}},"53":{"start":{"line":137,"column":4},"end":{"line":137,"column":null}},"54":{"start":{"line":138,"column":4},"end":{"line":138,"column":null}},"55":{"start":{"line":140,"column":4},"end":{"line":140,"column":null}},"56":{"start":{"line":140,"column":23},"end":{"line":140,"column":null}},"57":{"start":{"line":142,"column":4},"end":{"line":167,"column":null}},"58":{"start":{"line":143,"column":6},"end":{"line":143,"column":null}},"59":{"start":{"line":145,"column":20},"end":{"line":145,"column":24}},"60":{"start":{"line":146,"column":6},"end":{"line":150,"column":null}},"61":{"start":{"line":147,"column":8},"end":{"line":147,"column":null}},"62":{"start":{"line":148,"column":8},"end":{"line":148,"column":null}},"63":{"start":{"line":148,"column":37},"end":{"line":148,"column":null}},"64":{"start":{"line":149,"column":8},"end":{"line":149,"column":null}},"65":{"start":{"line":152,"column":6},"end":{"line":152,"column":null}},"66":{"start":{"line":153,"column":6},"end":{"line":153,"column":null}},"67":{"start":{"line":155,"column":22},"end":{"line":155,"column":46}},"68":{"start":{"line":156,"column":26},"end":{"line":156,"column":76}},"69":{"start":{"line":157,"column":6},"end":{"line":157,"column":null}},"70":{"start":{"line":159,"column":6},"end":{"line":164,"column":null}},"71":{"start":{"line":160,"column":27},"end":{"line":160,"column":46}},"72":{"start":{"line":161,"column":8},"end":{"line":163,"column":null}},"73":{"start":{"line":162,"column":10},"end":{"line":162,"column":null}},"74":{"start":{"line":166,"column":6},"end":{"line":166,"column":null}},"75":{"start":{"line":169,"column":4},"end":{"line":169,"column":null}},"76":{"start":{"line":170,"column":4},"end":{"line":170,"column":null}},"77":{"start":{"line":171,"column":4},"end":{"line":171,"column":null}},"78":{"start":{"line":172,"column":4},"end":{"line":172,"column":null}},"79":{"start":{"line":176,"column":4},"end":{"line":214,"column":null}},"80":{"start":{"line":178,"column":8},"end":{"line":182,"column":null}},"81":{"start":{"line":179,"column":10},"end":{"line":179,"column":null}},"82":{"start":{"line":180,"column":10},"end":{"line":180,"column":null}},"83":{"start":{"line":181,"column":10},"end":{"line":181,"column":null}},"84":{"start":{"line":181,"column":30},"end":{"line":181,"column":null}},"85":{"start":{"line":183,"column":8},"end":{"line":183,"column":null}},"86":{"start":{"line":185,"column":8},"end":{"line":189,"column":null}},"87":{"start":{"line":186,"column":10},"end":{"line":186,"column":null}},"88":{"start":{"line":186,"column":56},"end":{"line":186,"column":68}},"89":{"start":{"line":187,"column":15},"end":{"line":189,"column":null}},"90":{"start":{"line":188,"column":10},"end":{"line":188,"column":null}},"91":{"start":{"line":190,"column":8},"end":{"line":190,"column":null}},"92":{"start":{"line":191,"column":8},"end":{"line":191,"column":null}},"93":{"start":{"line":191,"column":28},"end":{"line":191,"column":null}},"94":{"start":{"line":192,"column":8},"end":{"line":192,"column":null}},"95":{"start":{"line":194,"column":8},"end":{"line":198,"column":null}},"96":{"start":{"line":195,"column":10},"end":{"line":195,"column":null}},"97":{"start":{"line":196,"column":10},"end":{"line":196,"column":null}},"98":{"start":{"line":197,"column":10},"end":{"line":197,"column":null}},"99":{"start":{"line":197,"column":30},"end":{"line":197,"column":null}},"100":{"start":{"line":199,"column":8},"end":{"line":199,"column":null}},"101":{"start":{"line":201,"column":8},"end":{"line":210,"column":null}},"102":{"start":{"line":202,"column":30},"end":{"line":204,"column":40}},"103":{"start":{"line":203,"column":40},"end":{"line":203,"column":52}},"104":{"start":{"line":205,"column":10},"end":{"line":209,"column":null}},"105":{"start":{"line":206,"column":12},"end":{"line":206,"column":null}},"106":{"start":{"line":207,"column":12},"end":{"line":207,"column":null}},"107":{"start":{"line":208,"column":12},"end":{"line":208,"column":null}},"108":{"start":{"line":208,"column":32},"end":{"line":208,"column":null}},"109":{"start":{"line":211,"column":8},"end":{"line":211,"column":null}},"110":{"start":{"line":213,"column":8},"end":{"line":213,"column":null}},"111":{"start":{"line":218,"column":4},"end":{"line":218,"column":null}},"112":{"start":{"line":218,"column":26},"end":{"line":218,"column":null}},"113":{"start":{"line":219,"column":4},"end":{"line":222,"column":null}},"114":{"start":{"line":220,"column":6},"end":{"line":220,"column":null}},"115":{"start":{"line":221,"column":6},"end":{"line":221,"column":null}},"116":{"start":{"line":226,"column":4},"end":{"line":229,"column":null}},"117":{"start":{"line":227,"column":6},"end":{"line":227,"column":null}},"118":{"start":{"line":228,"column":6},"end":{"line":228,"column":null}},"119":{"start":{"line":230,"column":4},"end":{"line":230,"column":null}},"120":{"start":{"line":230,"column":49},"end":{"line":230,"column":null}},"121":{"start":{"line":231,"column":4},"end":{"line":231,"column":null}},"122":{"start":{"line":233,"column":17},"end":{"line":233,"column":55}},"123":{"start":{"line":234,"column":19},"end":{"line":234,"column":37}},"124":{"start":{"line":235,"column":4},"end":{"line":235,"column":null}},"125":{"start":{"line":235,"column":17},"end":{"line":235,"column":null}},"126":{"start":{"line":237,"column":4},"end":{"line":264,"column":null}},"127":{"start":{"line":238,"column":6},"end":{"line":247,"column":null}},"128":{"start":{"line":239,"column":21},"end":{"line":239,"column":89}},"129":{"start":{"line":240,"column":8},"end":{"line":240,"column":null}},"130":{"start":{"line":242,"column":8},"end":{"line":246,"column":null}},"131":{"start":{"line":249,"column":6},"end":{"line":263,"column":null}},"132":{"start":{"line":250,"column":8},"end":{"line":262,"column":null}},"133":{"start":{"line":251,"column":10},"end":{"line":259,"column":null}},"134":{"start":{"line":252,"column":12},"end":{"line":255,"column":null}},"135":{"start":{"line":257,"column":25},"end":{"line":257,"column":65}},"136":{"start":{"line":258,"column":12},"end":{"line":258,"column":null}},"137":{"start":{"line":268,"column":17},"end":{"line":268,"column":34}},"138":{"start":{"line":269,"column":19},"end":{"line":269,"column":37}},"139":{"start":{"line":270,"column":4},"end":{"line":270,"column":null}},"140":{"start":{"line":270,"column":46},"end":{"line":270,"column":null}},"141":{"start":{"line":272,"column":19},"end":{"line":272,"column":21}},"142":{"start":{"line":273,"column":4},"end":{"line":275,"column":null}},"143":{"start":{"line":273,"column":17},"end":{"line":273,"column":27}},"144":{"start":{"line":274,"column":6},"end":{"line":274,"column":null}},"145":{"start":{"line":277,"column":4},"end":{"line":289,"column":null}},"146":{"start":{"line":278,"column":6},"end":{"line":288,"column":null}},"147":{"start":{"line":279,"column":8},"end":{"line":279,"column":null}},"148":{"start":{"line":281,"column":8},"end":{"line":287,"column":null}},"149":{"start":{"line":282,"column":10},"end":{"line":286,"column":null}},"150":{"start":{"line":283,"column":12},"end":{"line":283,"column":null}},"151":{"start":{"line":293,"column":16},"end":{"line":293,"column":51}},"152":{"start":{"line":294,"column":4},"end":{"line":301,"column":null}},"153":{"start":{"line":295,"column":6},"end":{"line":295,"column":null}},"154":{"start":{"line":296,"column":23},"end":{"line":296,"column":78}},"155":{"start":{"line":296,"column":51},"end":{"line":296,"column":77}},"156":{"start":{"line":297,"column":6},"end":{"line":299,"column":null}},"157":{"start":{"line":298,"column":8},"end":{"line":298,"column":null}},"158":{"start":{"line":300,"column":6},"end":{"line":300,"column":null}},"159":{"start":{"line":303,"column":19},"end":{"line":303,"column":37}},"160":{"start":{"line":304,"column":4},"end":{"line":310,"column":null}},"161":{"start":{"line":305,"column":23},"end":{"line":305,"column":78}},"162":{"start":{"line":305,"column":51},"end":{"line":305,"column":77}},"163":{"start":{"line":306,"column":6},"end":{"line":308,"column":null}},"164":{"start":{"line":307,"column":8},"end":{"line":307,"column":null}},"165":{"start":{"line":309,"column":6},"end":{"line":309,"column":null}},"166":{"start":{"line":312,"column":17},"end":{"line":312,"column":47}},"167":{"start":{"line":313,"column":4},"end":{"line":313,"column":null}},"168":{"start":{"line":315,"column":4},"end":{"line":337,"column":null}},"169":{"start":{"line":316,"column":23},"end":{"line":316,"column":78}},"170":{"start":{"line":316,"column":51},"end":{"line":316,"column":77}},"171":{"start":{"line":317,"column":24},"end":{"line":317,"column":80}},"172":{"start":{"line":317,"column":52},"end":{"line":317,"column":79}},"173":{"start":{"line":318,"column":22},"end":{"line":318,"column":24}},"174":{"start":{"line":319,"column":6},"end":{"line":320,"column":null}},"175":{"start":{"line":320,"column":8},"end":{"line":320,"column":null}},"176":{"start":{"line":321,"column":6},"end":{"line":322,"column":null}},"177":{"start":{"line":322,"column":8},"end":{"line":322,"column":null}},"178":{"start":{"line":324,"column":6},"end":{"line":326,"column":null}},"179":{"start":{"line":328,"column":6},"end":{"line":330,"column":null}},"180":{"start":{"line":329,"column":8},"end":{"line":329,"column":null}},"181":{"start":{"line":332,"column":23},"end":{"line":332,"column":78}},"182":{"start":{"line":332,"column":51},"end":{"line":332,"column":77}},"183":{"start":{"line":333,"column":6},"end":{"line":335,"column":null}},"184":{"start":{"line":334,"column":8},"end":{"line":334,"column":null}},"185":{"start":{"line":336,"column":6},"end":{"line":336,"column":null}},"186":{"start":{"line":341,"column":18},"end":{"line":341,"column":20}},"187":{"start":{"line":342,"column":4},"end":{"line":342,"column":null}},"188":{"start":{"line":342,"column":32},"end":{"line":342,"column":null}},"189":{"start":{"line":343,"column":4},"end":{"line":343,"column":null}},"190":{"start":{"line":343,"column":33},"end":{"line":343,"column":null}},"191":{"start":{"line":344,"column":4},"end":{"line":344,"column":null}},"192":{"start":{"line":344,"column":28},"end":{"line":344,"column":null}},"193":{"start":{"line":345,"column":4},"end":{"line":345,"column":null}},"194":{"start":{"line":349,"column":19},"end":{"line":349,"column":42}},"195":{"start":{"line":350,"column":4},"end":{"line":350,"column":null}},"196":{"start":{"line":350,"column":34},"end":{"line":350,"column":null}},"197":{"start":{"line":352,"column":17},"end":{"line":352,"column":33}},"198":{"start":{"line":353,"column":4},"end":{"line":374,"column":null}},"199":{"start":{"line":354,"column":35},"end":{"line":354,"column":50}},"200":{"start":{"line":355,"column":23},"end":{"line":355,"column":37}},"201":{"start":{"line":356,"column":23},"end":{"line":356,"column":69}},"202":{"start":{"line":358,"column":6},"end":{"line":358,"column":null}},"203":{"start":{"line":359,"column":6},"end":{"line":359,"column":null}},"204":{"start":{"line":361,"column":6},"end":{"line":371,"column":null}},"205":{"start":{"line":362,"column":8},"end":{"line":368,"column":null}},"206":{"start":{"line":373,"column":6},"end":{"line":373,"column":null}},"207":{"start":{"line":383,"column":4},"end":{"line":383,"column":null}},"208":{"start":{"line":387,"column":4},"end":{"line":387,"column":null}},"209":{"start":{"line":387,"column":18},"end":{"line":387,"column":null}}},"fnMap":{"0":{"name":"constructor","decl":{"start":{"line":22,"column":2},"end":{"line":22,"column":13}},"loc":{"start":{"line":31,"column":5},"end":{"line":49,"column":null}},"line":31},"1":{"name":"start","decl":{"start":{"line":51,"column":8},"end":{"line":51,"column":13}},"loc":{"start":{"line":51,"column":16},"end":{"line":53,"column":null}},"line":51},"2":{"name":"_setupHandlers","decl":{"start":{"line":55,"column":2},"end":{"line":55,"column":16}},"loc":{"start":{"line":55,"column":19},"end":{"line":59,"column":null}},"line":55},"3":{"name":"(anonymous_3)","decl":{"start":{"line":56,"column":27},"end":{"line":56,"column":28}},"loc":{"start":{"line":56,"column":36},"end":{"line":56,"column":56}},"line":56},"4":{"name":"(anonymous_4)","decl":{"start":{"line":57,"column":34},"end":{"line":57,"column":35}},"loc":{"start":{"line":57,"column":45},"end":{"line":57,"column":73}},"line":57},"5":{"name":"(anonymous_5)","decl":{"start":{"line":58,"column":33},"end":{"line":58,"column":34}},"loc":{"start":{"line":58,"column":42},"end":{"line":58,"column":89}},"line":58},"6":{"name":"_isAllowed","decl":{"start":{"line":61,"column":2},"end":{"line":61,"column":12}},"loc":{"start":{"line":61,"column":21},"end":{"line":63,"column":null}},"line":61},"7":{"name":"_sanitize","decl":{"start":{"line":65,"column":2},"end":{"line":65,"column":11}},"loc":{"start":{"line":65,"column":31},"end":{"line":74,"column":null}},"line":65},"8":{"name":"_onMessage","decl":{"start":{"line":76,"column":8},"end":{"line":76,"column":18}},"loc":{"start":{"line":76,"column":24},"end":{"line":118,"column":null}},"line":76},"9":{"name":"enqueuePrompt","decl":{"start":{"line":125,"column":2},"end":{"line":125,"column":15}},"loc":{"start":{"line":125,"column":30},"end":{"line":128,"column":null}},"line":125},"10":{"name":"_processQueue","decl":{"start":{"line":130,"column":8},"end":{"line":130,"column":21}},"loc":{"start":{"line":130,"column":24},"end":{"line":173,"column":null}},"line":130},"11":{"name":"_handleUpdate","decl":{"start":{"line":175,"column":2},"end":{"line":175,"column":15}},"loc":{"start":{"line":175,"column":24},"end":{"line":215,"column":null}},"line":175},"12":{"name":"(anonymous_12)","decl":{"start":{"line":186,"column":49},"end":{"line":186,"column":50}},"loc":{"start":{"line":186,"column":56},"end":{"line":186,"column":68}},"line":186},"13":{"name":"(anonymous_13)","decl":{"start":{"line":203,"column":33},"end":{"line":203,"column":34}},"loc":{"start":{"line":203,"column":40},"end":{"line":203,"column":52}},"line":203},"14":{"name":"_scheduleStreamFlush","decl":{"start":{"line":217,"column":2},"end":{"line":217,"column":22}},"loc":{"start":{"line":217,"column":25},"end":{"line":223,"column":null}},"line":217},"15":{"name":"(anonymous_15)","decl":{"start":{"line":219,"column":34},"end":{"line":219,"column":35}},"loc":{"start":{"line":219,"column":40},"end":{"line":222,"column":5}},"line":219},"16":{"name":"_flushStream","decl":{"start":{"line":225,"column":8},"end":{"line":225,"column":20}},"loc":{"start":{"line":225,"column":23},"end":{"line":265,"column":null}},"line":225},"17":{"name":"_flushOverflow","decl":{"start":{"line":267,"column":8},"end":{"line":267,"column":22}},"loc":{"start":{"line":267,"column":25},"end":{"line":290,"column":null}},"line":267},"18":{"name":"_handlePermission","decl":{"start":{"line":292,"column":8},"end":{"line":292,"column":25}},"loc":{"start":{"line":292,"column":34},"end":{"line":338,"column":null}},"line":292},"19":{"name":"(anonymous_19)","decl":{"start":{"line":296,"column":44},"end":{"line":296,"column":45}},"loc":{"start":{"line":296,"column":51},"end":{"line":296,"column":77}},"line":296},"20":{"name":"(anonymous_20)","decl":{"start":{"line":305,"column":44},"end":{"line":305,"column":45}},"loc":{"start":{"line":305,"column":51},"end":{"line":305,"column":77}},"line":305},"21":{"name":"(anonymous_21)","decl":{"start":{"line":316,"column":44},"end":{"line":316,"column":45}},"loc":{"start":{"line":316,"column":51},"end":{"line":316,"column":77}},"line":316},"22":{"name":"(anonymous_22)","decl":{"start":{"line":317,"column":45},"end":{"line":317,"column":46}},"loc":{"start":{"line":317,"column":52},"end":{"line":317,"column":79}},"line":317},"23":{"name":"(anonymous_23)","decl":{"start":{"line":328,"column":25},"end":{"line":328,"column":26}},"loc":{"start":{"line":328,"column":38},"end":{"line":330,"column":7}},"line":328},"24":{"name":"(anonymous_24)","decl":{"start":{"line":332,"column":44},"end":{"line":332,"column":45}},"loc":{"start":{"line":332,"column":51},"end":{"line":332,"column":77}},"line":332},"25":{"name":"_formatPermission","decl":{"start":{"line":340,"column":2},"end":{"line":340,"column":19}},"loc":{"start":{"line":340,"column":28},"end":{"line":346,"column":null}},"line":340},"26":{"name":"_onCallbackQuery","decl":{"start":{"line":348,"column":8},"end":{"line":348,"column":24}},"loc":{"start":{"line":348,"column":32},"end":{"line":375,"column":null}},"line":348},"27":{"name":"sendMessage","decl":{"start":{"line":382,"column":8},"end":{"line":382,"column":19}},"loc":{"start":{"line":382,"column":34},"end":{"line":384,"column":null}},"line":382},"28":{"name":"stop","decl":{"start":{"line":386,"column":2},"end":{"line":386,"column":6}},"loc":{"start":{"line":386,"column":9},"end":{"line":388,"column":null}},"line":386}},"branchMap":{"0":{"loc":{"start":{"line":27,"column":4},"end":{"line":27,"column":24}},"type":"default-arg","locations":[{"start":{"line":27,"column":19},"end":{"line":27,"column":24}}],"line":27},"1":{"loc":{"start":{"line":28,"column":4},"end":{"line":28,"column":20}},"type":"default-arg","locations":[{"start":{"line":28,"column":16},"end":{"line":28,"column":20}}],"line":28},"2":{"loc":{"start":{"line":29,"column":4},"end":{"line":29,"column":20}},"type":"default-arg","locations":[{"start":{"line":29,"column":16},"end":{"line":29,"column":20}}],"line":29},"3":{"loc":{"start":{"line":30,"column":4},"end":{"line":30,"column":19}},"type":"default-arg","locations":[{"start":{"line":30,"column":15},"end":{"line":30,"column":19}}],"line":30},"4":{"loc":{"start":{"line":65,"column":18},"end":{"line":65,"column":29}},"type":"default-arg","locations":[{"start":{"line":65,"column":27},"end":{"line":65,"column":29}}],"line":65},"5":{"loc":{"start":{"line":78,"column":17},"end":{"line":78,"column":31}},"type":"binary-expr","locations":[{"start":{"line":78,"column":17},"end":{"line":78,"column":25}},{"start":{"line":78,"column":29},"end":{"line":78,"column":31}}],"line":78},"6":{"loc":{"start":{"line":80,"column":4},"end":{"line":97,"column":null}},"type":"if","locations":[{"start":{"line":80,"column":4},"end":{"line":97,"column":null}},{"start":{},"end":{}}],"line":80},"7":{"loc":{"start":{"line":82,"column":6},"end":{"line":95,"column":null}},"type":"if","locations":[{"start":{"line":82,"column":6},"end":{"line":95,"column":null}},{"start":{},"end":{}}],"line":82},"8":{"loc":{"start":{"line":99,"column":4},"end":{"line":105,"column":null}},"type":"if","locations":[{"start":{"line":99,"column":4},"end":{"line":105,"column":null}},{"start":{},"end":{}}],"line":99},"9":{"loc":{"start":{"line":100,"column":6},"end":{"line":101,"column":null}},"type":"binary-expr","locations":[{"start":{"line":100,"column":6},"end":{"line":100,"column":11}},{"start":{"line":101,"column":7},"end":{"line":101,"column":16}},{"start":{"line":101,"column":20},"end":{"line":101,"column":29}},{"start":{"line":101,"column":33},"end":{"line":101,"column":44}},{"start":{"line":101,"column":48},"end":{"line":101,"column":60}},{"start":{"line":101,"column":64},"end":{"line":101,"column":73}},{"start":{"line":101,"column":77},"end":{"line":101,"column":86}}],"line":100},"10":{"loc":{"start":{"line":108,"column":4},"end":{"line":111,"column":null}},"type":"if","locations":[{"start":{"line":108,"column":4},"end":{"line":111,"column":null}},{"start":{},"end":{}}],"line":108},"11":{"loc":{"start":{"line":108,"column":8},"end":{"line":108,"column":46}},"type":"binary-expr","locations":[{"start":{"line":108,"column":8},"end":{"line":108,"column":28}},{"start":{"line":108,"column":32},"end":{"line":108,"column":46}}],"line":108},"12":{"loc":{"start":{"line":110,"column":6},"end":{"line":110,"column":null}},"type":"if","locations":[{"start":{"line":110,"column":6},"end":{"line":110,"column":null}},{"start":{},"end":{}}],"line":110},"13":{"loc":{"start":{"line":114,"column":32},"end":{"line":114,"column":59}},"type":"cond-expr","locations":[{"start":{"line":114,"column":51},"end":{"line":114,"column":54}},{"start":{"line":114,"column":57},"end":{"line":114,"column":59}}],"line":114},"14":{"loc":{"start":{"line":131,"column":4},"end":{"line":131,"column":null}},"type":"if","locations":[{"start":{"line":131,"column":4},"end":{"line":131,"column":null}},{"start":{},"end":{}}],"line":131},"15":{"loc":{"start":{"line":131,"column":8},"end":{"line":131,"column":44}},"type":"binary-expr","locations":[{"start":{"line":131,"column":8},"end":{"line":131,"column":17}},{"start":{"line":131,"column":21},"end":{"line":131,"column":44}}],"line":131},"16":{"loc":{"start":{"line":140,"column":4},"end":{"line":140,"column":null}},"type":"if","locations":[{"start":{"line":140,"column":4},"end":{"line":140,"column":null}},{"start":{},"end":{}}],"line":140},"17":{"loc":{"start":{"line":148,"column":8},"end":{"line":148,"column":null}},"type":"if","locations":[{"start":{"line":148,"column":8},"end":{"line":148,"column":null}},{"start":{},"end":{}}],"line":148},"18":{"loc":{"start":{"line":157,"column":38},"end":{"line":157,"column":61}},"type":"cond-expr","locations":[{"start":{"line":157,"column":53},"end":{"line":157,"column":56}},{"start":{"line":157,"column":59},"end":{"line":157,"column":61}}],"line":157},"19":{"loc":{"start":{"line":159,"column":6},"end":{"line":164,"column":null}},"type":"if","locations":[{"start":{"line":159,"column":6},"end":{"line":164,"column":null}},{"start":{},"end":{}}],"line":159},"20":{"loc":{"start":{"line":159,"column":10},"end":{"line":159,"column":50}},"type":"binary-expr","locations":[{"start":{"line":159,"column":10},"end":{"line":159,"column":28}},{"start":{"line":159,"column":32},"end":{"line":159,"column":50}}],"line":159},"21":{"loc":{"start":{"line":161,"column":8},"end":{"line":163,"column":null}},"type":"if","locations":[{"start":{"line":161,"column":8},"end":{"line":163,"column":null}},{"start":{},"end":{}}],"line":161},"22":{"loc":{"start":{"line":161,"column":12},"end":{"line":161,"column":51}},"type":"binary-expr","locations":[{"start":{"line":161,"column":12},"end":{"line":161,"column":22}},{"start":{"line":161,"column":26},"end":{"line":161,"column":51}}],"line":161},"23":{"loc":{"start":{"line":176,"column":4},"end":{"line":214,"column":null}},"type":"switch","locations":[{"start":{"line":177,"column":6},"end":{"line":183,"column":null}},{"start":{"line":184,"column":6},"end":{"line":192,"column":null}},{"start":{"line":193,"column":6},"end":{"line":199,"column":null}},{"start":{"line":200,"column":6},"end":{"line":211,"column":null}},{"start":{"line":212,"column":6},"end":{"line":213,"column":null}}],"line":176},"24":{"loc":{"start":{"line":178,"column":8},"end":{"line":182,"column":null}},"type":"if","locations":[{"start":{"line":178,"column":8},"end":{"line":182,"column":null}},{"start":{},"end":{}}],"line":178},"25":{"loc":{"start":{"line":181,"column":10},"end":{"line":181,"column":null}},"type":"if","locations":[{"start":{"line":181,"column":10},"end":{"line":181,"column":null}},{"start":{},"end":{}}],"line":181},"26":{"loc":{"start":{"line":185,"column":8},"end":{"line":189,"column":null}},"type":"if","locations":[{"start":{"line":185,"column":8},"end":{"line":189,"column":null}},{"start":{"line":187,"column":15},"end":{"line":189,"column":null}}],"line":185},"27":{"loc":{"start":{"line":186,"column":56},"end":{"line":186,"column":68}},"type":"binary-expr","locations":[{"start":{"line":186,"column":56},"end":{"line":186,"column":62}},{"start":{"line":186,"column":66},"end":{"line":186,"column":68}}],"line":186},"28":{"loc":{"start":{"line":187,"column":15},"end":{"line":189,"column":null}},"type":"if","locations":[{"start":{"line":187,"column":15},"end":{"line":189,"column":null}},{"start":{},"end":{}}],"line":187},"29":{"loc":{"start":{"line":191,"column":8},"end":{"line":191,"column":null}},"type":"if","locations":[{"start":{"line":191,"column":8},"end":{"line":191,"column":null}},{"start":{},"end":{}}],"line":191},"30":{"loc":{"start":{"line":194,"column":8},"end":{"line":198,"column":null}},"type":"if","locations":[{"start":{"line":194,"column":8},"end":{"line":198,"column":null}},{"start":{},"end":{}}],"line":194},"31":{"loc":{"start":{"line":194,"column":12},"end":{"line":194,"column":64}},"type":"binary-expr","locations":[{"start":{"line":194,"column":12},"end":{"line":194,"column":29}},{"start":{"line":194,"column":33},"end":{"line":194,"column":64}}],"line":194},"32":{"loc":{"start":{"line":197,"column":10},"end":{"line":197,"column":null}},"type":"if","locations":[{"start":{"line":197,"column":10},"end":{"line":197,"column":null}},{"start":{},"end":{}}],"line":197},"33":{"loc":{"start":{"line":201,"column":8},"end":{"line":210,"column":null}},"type":"if","locations":[{"start":{"line":201,"column":8},"end":{"line":210,"column":null}},{"start":{},"end":{}}],"line":201},"34":{"loc":{"start":{"line":202,"column":30},"end":{"line":204,"column":40}},"type":"cond-expr","locations":[{"start":{"line":203,"column":14},"end":{"line":203,"column":null}},{"start":{"line":204,"column":14},"end":{"line":204,"column":40}}],"line":202},"35":{"loc":{"start":{"line":203,"column":40},"end":{"line":203,"column":52}},"type":"binary-expr","locations":[{"start":{"line":203,"column":40},"end":{"line":203,"column":46}},{"start":{"line":203,"column":50},"end":{"line":203,"column":52}}],"line":203},"36":{"loc":{"start":{"line":204,"column":14},"end":{"line":204,"column":40}},"type":"binary-expr","locations":[{"start":{"line":204,"column":14},"end":{"line":204,"column":34}},{"start":{"line":204,"column":38},"end":{"line":204,"column":40}}],"line":204},"37":{"loc":{"start":{"line":205,"column":10},"end":{"line":209,"column":null}},"type":"if","locations":[{"start":{"line":205,"column":10},"end":{"line":209,"column":null}},{"start":{},"end":{}}],"line":205},"38":{"loc":{"start":{"line":208,"column":12},"end":{"line":208,"column":null}},"type":"if","locations":[{"start":{"line":208,"column":12},"end":{"line":208,"column":null}},{"start":{},"end":{}}],"line":208},"39":{"loc":{"start":{"line":218,"column":4},"end":{"line":218,"column":null}},"type":"if","locations":[{"start":{"line":218,"column":4},"end":{"line":218,"column":null}},{"start":{},"end":{}}],"line":218},"40":{"loc":{"start":{"line":226,"column":4},"end":{"line":229,"column":null}},"type":"if","locations":[{"start":{"line":226,"column":4},"end":{"line":229,"column":null}},{"start":{},"end":{}}],"line":226},"41":{"loc":{"start":{"line":230,"column":4},"end":{"line":230,"column":null}},"type":"if","locations":[{"start":{"line":230,"column":4},"end":{"line":230,"column":null}},{"start":{},"end":{}}],"line":230},"42":{"loc":{"start":{"line":230,"column":8},"end":{"line":230,"column":47}},"type":"binary-expr","locations":[{"start":{"line":230,"column":8},"end":{"line":230,"column":25}},{"start":{"line":230,"column":29},"end":{"line":230,"column":47}}],"line":230},"43":{"loc":{"start":{"line":235,"column":4},"end":{"line":235,"column":null}},"type":"if","locations":[{"start":{"line":235,"column":4},"end":{"line":235,"column":null}},{"start":{},"end":{}}],"line":235},"44":{"loc":{"start":{"line":238,"column":6},"end":{"line":247,"column":null}},"type":"if","locations":[{"start":{"line":238,"column":6},"end":{"line":247,"column":null}},{"start":{"line":241,"column":13},"end":{"line":247,"column":null}}],"line":238},"45":{"loc":{"start":{"line":249,"column":6},"end":{"line":263,"column":null}},"type":"if","locations":[{"start":{"line":249,"column":6},"end":{"line":263,"column":null}},{"start":{},"end":{}}],"line":249},"46":{"loc":{"start":{"line":249,"column":10},"end":{"line":249,"column":73}},"type":"binary-expr","locations":[{"start":{"line":249,"column":10},"end":{"line":249,"column":39}},{"start":{"line":249,"column":43},"end":{"line":249,"column":73}}],"line":249},"47":{"loc":{"start":{"line":251,"column":10},"end":{"line":259,"column":null}},"type":"if","locations":[{"start":{"line":251,"column":10},"end":{"line":259,"column":null}},{"start":{"line":256,"column":17},"end":{"line":259,"column":null}}],"line":251},"48":{"loc":{"start":{"line":270,"column":4},"end":{"line":270,"column":null}},"type":"if","locations":[{"start":{"line":270,"column":4},"end":{"line":270,"column":null}},{"start":{},"end":{}}],"line":270},"49":{"loc":{"start":{"line":270,"column":8},"end":{"line":270,"column":44}},"type":"binary-expr","locations":[{"start":{"line":270,"column":8},"end":{"line":270,"column":15}},{"start":{"line":270,"column":19},"end":{"line":270,"column":44}}],"line":270},"50":{"loc":{"start":{"line":281,"column":8},"end":{"line":287,"column":null}},"type":"if","locations":[{"start":{"line":281,"column":8},"end":{"line":287,"column":null}},{"start":{},"end":{}}],"line":281},"51":{"loc":{"start":{"line":281,"column":12},"end":{"line":281,"column":75}},"type":"binary-expr","locations":[{"start":{"line":281,"column":12},"end":{"line":281,"column":41}},{"start":{"line":281,"column":45},"end":{"line":281,"column":75}}],"line":281},"52":{"loc":{"start":{"line":293,"column":17},"end":{"line":293,"column":36}},"type":"binary-expr","locations":[{"start":{"line":293,"column":17},"end":{"line":293,"column":30}},{"start":{"line":293,"column":34},"end":{"line":293,"column":36}}],"line":293},"53":{"loc":{"start":{"line":294,"column":4},"end":{"line":301,"column":null}},"type":"if","locations":[{"start":{"line":294,"column":4},"end":{"line":301,"column":null}},{"start":{},"end":{}}],"line":294},"54":{"loc":{"start":{"line":294,"column":8},"end":{"line":294,"column":83}},"type":"binary-expr","locations":[{"start":{"line":294,"column":8},"end":{"line":294,"column":33}},{"start":{"line":294,"column":37},"end":{"line":294,"column":59}},{"start":{"line":294,"column":63},"end":{"line":294,"column":83}}],"line":294},"55":{"loc":{"start":{"line":297,"column":6},"end":{"line":299,"column":null}},"type":"if","locations":[{"start":{"line":297,"column":6},"end":{"line":299,"column":null}},{"start":{},"end":{}}],"line":297},"56":{"loc":{"start":{"line":304,"column":4},"end":{"line":310,"column":null}},"type":"if","locations":[{"start":{"line":304,"column":4},"end":{"line":310,"column":null}},{"start":{},"end":{}}],"line":304},"57":{"loc":{"start":{"line":306,"column":6},"end":{"line":308,"column":null}},"type":"if","locations":[{"start":{"line":306,"column":6},"end":{"line":308,"column":null}},{"start":{},"end":{}}],"line":306},"58":{"loc":{"start":{"line":319,"column":6},"end":{"line":320,"column":null}},"type":"if","locations":[{"start":{"line":319,"column":6},"end":{"line":320,"column":null}},{"start":{},"end":{}}],"line":319},"59":{"loc":{"start":{"line":321,"column":6},"end":{"line":322,"column":null}},"type":"if","locations":[{"start":{"line":321,"column":6},"end":{"line":322,"column":null}},{"start":{},"end":{}}],"line":321},"60":{"loc":{"start":{"line":333,"column":6},"end":{"line":335,"column":null}},"type":"if","locations":[{"start":{"line":333,"column":6},"end":{"line":335,"column":null}},{"start":{},"end":{}}],"line":333},"61":{"loc":{"start":{"line":342,"column":4},"end":{"line":342,"column":null}},"type":"if","locations":[{"start":{"line":342,"column":4},"end":{"line":342,"column":null}},{"start":{},"end":{}}],"line":342},"62":{"loc":{"start":{"line":343,"column":4},"end":{"line":343,"column":null}},"type":"if","locations":[{"start":{"line":343,"column":4},"end":{"line":343,"column":null}},{"start":{},"end":{}}],"line":343},"63":{"loc":{"start":{"line":344,"column":4},"end":{"line":344,"column":null}},"type":"if","locations":[{"start":{"line":344,"column":4},"end":{"line":344,"column":null}},{"start":{},"end":{}}],"line":344},"64":{"loc":{"start":{"line":350,"column":4},"end":{"line":350,"column":null}},"type":"if","locations":[{"start":{"line":350,"column":4},"end":{"line":350,"column":null}},{"start":{},"end":{}}],"line":350},"65":{"loc":{"start":{"line":352,"column":17},"end":{"line":352,"column":33}},"type":"binary-expr","locations":[{"start":{"line":352,"column":17},"end":{"line":352,"column":27}},{"start":{"line":352,"column":31},"end":{"line":352,"column":33}}],"line":352},"66":{"loc":{"start":{"line":353,"column":4},"end":{"line":374,"column":null}},"type":"if","locations":[{"start":{"line":353,"column":4},"end":{"line":374,"column":null}},{"start":{},"end":{}}],"line":353},"67":{"loc":{"start":{"line":353,"column":8},"end":{"line":353,"column":58}},"type":"binary-expr","locations":[{"start":{"line":353,"column":8},"end":{"line":353,"column":32}},{"start":{"line":353,"column":36},"end":{"line":353,"column":58}}],"line":353},"68":{"loc":{"start":{"line":363,"column":22},"end":{"line":363,"column":68}},"type":"cond-expr","locations":[{"start":{"line":363,"column":44},"end":{"line":363,"column":55}},{"start":{"line":363,"column":58},"end":{"line":363,"column":68}}],"line":363},"69":{"loc":{"start":{"line":387,"column":4},"end":{"line":387,"column":null}},"type":"if","locations":[{"start":{"line":387,"column":4},"end":{"line":387,"column":null}},{"start":{},"end":{}}],"line":387}},"s":{"0":1,"1":1,"2":19,"3":19,"4":19,"5":19,"6":19,"7":19,"8":19,"9":19,"10":19,"11":19,"12":19,"13":19,"14":19,"15":19,"16":19,"17":19,"18":16,"19":16,"20":14,"21":16,"22":0,"23":16,"24":0,"25":14,"26":2,"27":14,"28":14,"29":14,"30":2,"31":2,"32":1,"33":2,"34":12,"35":1,"36":1,"37":11,"38":2,"39":2,"40":1,"41":10,"42":10,"43":14,"44":14,"45":1,"46":1,"47":22,"48":11,"49":11,"50":11,"51":11,"52":11,"53":11,"54":11,"55":11,"56":0,"57":11,"58":11,"59":11,"60":11,"61":17,"62":16,"63":10,"64":6,"65":10,"66":10,"67":10,"68":10,"69":10,"70":22,"71":5,"72":5,"73":1,"74":1,"75":11,"76":11,"77":11,"78":11,"79":6,"80":1,"81":1,"82":1,"83":1,"84":1,"85":1,"86":3,"87":1,"88":1,"89":2,"90":2,"91":3,"92":3,"93":3,"94":3,"95":0,"96":0,"97":0,"98":0,"99":0,"100":0,"101":2,"102":1,"103":0,"104":1,"105":1,"106":1,"107":1,"108":1,"109":2,"110":0,"111":5,"112":0,"113":5,"114":0,"115":0,"116":10,"117":5,"118":5,"119":10,"120":5,"121":5,"122":5,"123":5,"124":5,"125":0,"126":5,"127":5,"128":5,"129":4,"130":0,"131":1,"132":1,"133":1,"134":0,"135":1,"136":1,"137":10,"138":10,"139":10,"140":9,"141":1,"142":1,"143":1,"144":1,"145":1,"146":1,"147":1,"148":0,"149":0,"150":0,"151":2,"152":2,"153":1,"154":1,"155":1,"156":1,"157":1,"158":0,"159":1,"160":1,"161":0,"162":0,"163":0,"164":0,"165":0,"166":1,"167":1,"168":1,"169":1,"170":1,"171":2,"172":2,"173":2,"174":2,"175":1,"176":1,"177":1,"178":1,"179":1,"180":1,"181":0,"182":0,"183":0,"184":0,"185":0,"186":1,"187":1,"188":0,"189":1,"190":0,"191":1,"192":1,"193":1,"194":0,"195":0,"196":0,"197":0,"198":0,"199":0,"200":0,"201":0,"202":0,"203":0,"204":0,"205":0,"206":0,"207":0,"208":1,"209":1},"f":{"0":19,"1":16,"2":16,"3":14,"4":0,"5":0,"6":14,"7":2,"8":14,"9":1,"10":22,"11":6,"12":1,"13":0,"14":5,"15":0,"16":10,"17":10,"18":2,"19":1,"20":0,"21":1,"22":2,"23":1,"24":0,"25":1,"26":0,"27":0,"28":1},"b":{"0":[19],"1":[19],"2":[19],"3":[19],"4":[2],"5":[14,1],"6":[2,12],"7":[1,1],"8":[1,11],"9":[12,1,0,0,0,0,0],"10":[2,9],"11":[11,2],"12":[1,1],"13":[0,10],"14":[11,11],"15":[22,22],"16":[0,11],"17":[10,6],"18":[1,9],"19":[5,17],"20":[22,5],"21":[1,4],"22":[5,5],"23":[1,3,0,2,0],"24":[1,0],"25":[1,0],"26":[1,2],"27":[1,0],"28":[2,0],"29":[3,0],"30":[0,0],"31":[0,0],"32":[0,0],"33":[1,1],"34":[0,1],"35":[0,0],"36":[1,0],"37":[1,0],"38":[1,0],"39":[0,5],"40":[5,5],"41":[5,5],"42":[10,5],"43":[0,5],"44":[5,0],"45":[1,0],"46":[1,0],"47":[0,1],"48":[9,1],"49":[10,10],"50":[0,0],"51":[0,0],"52":[2,0],"53":[1,1],"54":[2,1,1],"55":[1,0],"56":[0,1],"57":[0,0],"58":[1,1],"59":[1,0],"60":[0,0],"61":[0,1],"62":[0,1],"63":[1,0],"64":[0,0],"65":[0,0],"66":[0,0],"67":[0,0],"68":[0,0],"69":[1,0]},"meta":{"lastBranch":70,"lastFunction":29,"lastStatement":210,"seen":{"s:3:19:3:23":0,"s:4:24:4:27":1,"f:22:2:22:13":0,"b:27:19:27:24":0,"b:28:16:28:20":1,"b:29:16:29:20":2,"b:30:15:30:19":3,"s:32:4:32:Infinity":2,"s:33:4:33:Infinity":3,"s:34:4:34:Infinity":4,"s:35:4:35:Infinity":5,"s:36:4:36:Infinity":6,"s:37:4:37:Infinity":7,"s:38:4:38:Infinity":8,"s:40:4:40:Infinity":9,"s:41:4:41:Infinity":10,"s:42:4:42:Infinity":11,"s:43:4:43:Infinity":12,"s:44:4:44:Infinity":13,"s:45:4:45:Infinity":14,"s:46:4:46:Infinity":15,"s:47:4:47:Infinity":16,"s:48:4:48:Infinity":17,"f:51:8:51:13":1,"s:52:4:52:Infinity":18,"f:55:2:55:16":2,"s:56:4:56:Infinity":19,"f:56:27:56:28":3,"s:56:36:56:56":20,"s:57:4:57:Infinity":21,"f:57:34:57:35":4,"s:57:45:57:73":22,"s:58:4:58:Infinity":23,"f:58:33:58:34":5,"s:58:42:58:89":24,"f:61:2:61:12":6,"s:62:4:62:Infinity":25,"f:65:2:65:11":7,"b:65:27:65:29":4,"s:66:4:73:Infinity":26,"f:76:8:76:18":8,"s:77:19:77:30":27,"s:78:17:78:31":28,"b:78:17:78:25:78:29:78:31":5,"b:80:4:97:Infinity:undefined:undefined:undefined:undefined":6,"s:80:4:97:Infinity":29,"s:81:6:81:Infinity":30,"b:82:6:95:Infinity:undefined:undefined:undefined:undefined":7,"s:82:6:95:Infinity":31,"s:83:8:94:Infinity":32,"s:96:6:96:Infinity":33,"b:99:4:105:Infinity:undefined:undefined:undefined:undefined":8,"s:99:4:105:Infinity":34,"b:100:6:100:11:101:7:101:16:101:20:101:29:101:33:101:44:101:48:101:60:101:64:101:73:101:77:101:86":9,"s:103:6:103:Infinity":35,"s:104:6:104:Infinity":36,"b:108:4:111:Infinity:undefined:undefined:undefined:undefined":10,"s:108:4:111:Infinity":37,"b:108:8:108:28:108:32:108:46":11,"s:109:22:109:56":38,"b:110:6:110:Infinity:undefined:undefined:undefined:undefined":12,"s:110:6:110:Infinity":39,"s:110:19:110:Infinity":40,"s:113:20:113:57":41,"s:114:4:114:Infinity":42,"b:114:51:114:54:114:57:114:59":13,"s:116:4:116:Infinity":43,"s:117:4:117:Infinity":44,"f:125:2:125:15":9,"s:126:4:126:Infinity":45,"s:127:4:127:Infinity":46,"f:130:8:130:21":10,"b:131:4:131:Infinity:undefined:undefined:undefined:undefined":14,"s:131:4:131:Infinity":47,"b:131:8:131:17:131:21:131:44":15,"s:131:46:131:Infinity":48,"s:133:29:133:47":49,"s:134:4:134:Infinity":50,"s:135:4:135:Infinity":51,"s:136:4:136:Infinity":52,"s:137:4:137:Infinity":53,"s:138:4:138:Infinity":54,"b:140:4:140:Infinity:undefined:undefined:undefined:undefined":16,"s:140:4:140:Infinity":55,"s:140:23:140:Infinity":56,"s:142:4:167:Infinity":57,"s:143:6:143:Infinity":58,"s:145:20:145:24":59,"s:146:6:150:Infinity":60,"s:147:8:147:Infinity":61,"b:148:8:148:Infinity:undefined:undefined:undefined:undefined":17,"s:148:8:148:Infinity":62,"s:148:37:148:Infinity":63,"s:149:8:149:Infinity":64,"s:152:6:152:Infinity":65,"s:153:6:153:Infinity":66,"s:155:22:155:46":67,"s:156:26:156:76":68,"s:157:6:157:Infinity":69,"b:157:53:157:56:157:59:157:61":18,"b:159:6:164:Infinity:undefined:undefined:undefined:undefined":19,"s:159:6:164:Infinity":70,"b:159:10:159:28:159:32:159:50":20,"s:160:27:160:46":71,"b:161:8:163:Infinity:undefined:undefined:undefined:undefined":21,"s:161:8:163:Infinity":72,"b:161:12:161:22:161:26:161:51":22,"s:162:10:162:Infinity":73,"s:166:6:166:Infinity":74,"s:169:4:169:Infinity":75,"s:170:4:170:Infinity":76,"s:171:4:171:Infinity":77,"s:172:4:172:Infinity":78,"f:175:2:175:15":11,"b:177:6:183:Infinity:184:6:192:Infinity:193:6:199:Infinity:200:6:211:Infinity:212:6:213:Infinity":23,"s:176:4:214:Infinity":79,"b:178:8:182:Infinity:undefined:undefined:undefined:undefined":24,"s:178:8:182:Infinity":80,"s:179:10:179:Infinity":81,"s:180:10:180:Infinity":82,"b:181:10:181:Infinity:undefined:undefined:undefined:undefined":25,"s:181:10:181:Infinity":83,"s:181:30:181:Infinity":84,"s:183:8:183:Infinity":85,"b:185:8:189:Infinity:187:15:189:Infinity":26,"s:185:8:189:Infinity":86,"s:186:10:186:Infinity":87,"f:186:49:186:50":12,"s:186:56:186:68":88,"b:186:56:186:62:186:66:186:68":27,"b:187:15:189:Infinity:undefined:undefined:undefined:undefined":28,"s:187:15:189:Infinity":89,"s:188:10:188:Infinity":90,"s:190:8:190:Infinity":91,"b:191:8:191:Infinity:undefined:undefined:undefined:undefined":29,"s:191:8:191:Infinity":92,"s:191:28:191:Infinity":93,"s:192:8:192:Infinity":94,"b:194:8:198:Infinity:undefined:undefined:undefined:undefined":30,"s:194:8:198:Infinity":95,"b:194:12:194:29:194:33:194:64":31,"s:195:10:195:Infinity":96,"s:196:10:196:Infinity":97,"b:197:10:197:Infinity:undefined:undefined:undefined:undefined":32,"s:197:10:197:Infinity":98,"s:197:30:197:Infinity":99,"s:199:8:199:Infinity":100,"b:201:8:210:Infinity:undefined:undefined:undefined:undefined":33,"s:201:8:210:Infinity":101,"s:202:30:204:40":102,"b:203:14:203:Infinity:204:14:204:40":34,"f:203:33:203:34":13,"s:203:40:203:52":103,"b:203:40:203:46:203:50:203:52":35,"b:204:14:204:34:204:38:204:40":36,"b:205:10:209:Infinity:undefined:undefined:undefined:undefined":37,"s:205:10:209:Infinity":104,"s:206:12:206:Infinity":105,"s:207:12:207:Infinity":106,"b:208:12:208:Infinity:undefined:undefined:undefined:undefined":38,"s:208:12:208:Infinity":107,"s:208:32:208:Infinity":108,"s:211:8:211:Infinity":109,"s:213:8:213:Infinity":110,"f:217:2:217:22":14,"b:218:4:218:Infinity:undefined:undefined:undefined:undefined":39,"s:218:4:218:Infinity":111,"s:218:26:218:Infinity":112,"s:219:4:222:Infinity":113,"f:219:34:219:35":15,"s:220:6:220:Infinity":114,"s:221:6:221:Infinity":115,"f:225:8:225:20":16,"b:226:4:229:Infinity:undefined:undefined:undefined:undefined":40,"s:226:4:229:Infinity":116,"s:227:6:227:Infinity":117,"s:228:6:228:Infinity":118,"b:230:4:230:Infinity:undefined:undefined:undefined:undefined":41,"s:230:4:230:Infinity":119,"b:230:8:230:25:230:29:230:47":42,"s:230:49:230:Infinity":120,"s:231:4:231:Infinity":121,"s:233:17:233:55":122,"s:234:19:234:37":123,"b:235:4:235:Infinity:undefined:undefined:undefined:undefined":43,"s:235:4:235:Infinity":124,"s:235:17:235:Infinity":125,"s:237:4:264:Infinity":126,"b:238:6:247:Infinity:241:13:247:Infinity":44,"s:238:6:247:Infinity":127,"s:239:21:239:89":128,"s:240:8:240:Infinity":129,"s:242:8:246:Infinity":130,"b:249:6:263:Infinity:undefined:undefined:undefined:undefined":45,"s:249:6:263:Infinity":131,"b:249:10:249:39:249:43:249:73":46,"s:250:8:262:Infinity":132,"b:251:10:259:Infinity:256:17:259:Infinity":47,"s:251:10:259:Infinity":133,"s:252:12:255:Infinity":134,"s:257:25:257:65":135,"s:258:12:258:Infinity":136,"f:267:8:267:22":17,"s:268:17:268:34":137,"s:269:19:269:37":138,"b:270:4:270:Infinity:undefined:undefined:undefined:undefined":48,"s:270:4:270:Infinity":139,"b:270:8:270:15:270:19:270:44":49,"s:270:46:270:Infinity":140,"s:272:19:272:21":141,"s:273:4:275:Infinity":142,"s:273:17:273:27":143,"s:274:6:274:Infinity":144,"s:277:4:289:Infinity":145,"s:278:6:288:Infinity":146,"s:279:8:279:Infinity":147,"b:281:8:287:Infinity:undefined:undefined:undefined:undefined":50,"s:281:8:287:Infinity":148,"b:281:12:281:41:281:45:281:75":51,"s:282:10:286:Infinity":149,"s:283:12:283:Infinity":150,"f:292:8:292:25":18,"s:293:16:293:51":151,"b:293:17:293:30:293:34:293:36":52,"b:294:4:301:Infinity:undefined:undefined:undefined:undefined":53,"s:294:4:301:Infinity":152,"b:294:8:294:33:294:37:294:59:294:63:294:83":54,"s:295:6:295:Infinity":153,"s:296:23:296:78":154,"f:296:44:296:45":19,"s:296:51:296:77":155,"b:297:6:299:Infinity:undefined:undefined:undefined:undefined":55,"s:297:6:299:Infinity":156,"s:298:8:298:Infinity":157,"s:300:6:300:Infinity":158,"s:303:19:303:37":159,"b:304:4:310:Infinity:undefined:undefined:undefined:undefined":56,"s:304:4:310:Infinity":160,"s:305:23:305:78":161,"f:305:44:305:45":20,"s:305:51:305:77":162,"b:306:6:308:Infinity:undefined:undefined:undefined:undefined":57,"s:306:6:308:Infinity":163,"s:307:8:307:Infinity":164,"s:309:6:309:Infinity":165,"s:312:17:312:47":166,"s:313:4:313:Infinity":167,"s:315:4:337:Infinity":168,"s:316:23:316:78":169,"f:316:44:316:45":21,"s:316:51:316:77":170,"s:317:24:317:80":171,"f:317:45:317:46":22,"s:317:52:317:79":172,"s:318:22:318:24":173,"b:319:6:320:Infinity:undefined:undefined:undefined:undefined":58,"s:319:6:320:Infinity":174,"s:320:8:320:Infinity":175,"b:321:6:322:Infinity:undefined:undefined:undefined:undefined":59,"s:321:6:322:Infinity":176,"s:322:8:322:Infinity":177,"s:324:6:326:Infinity":178,"s:328:6:330:Infinity":179,"f:328:25:328:26":23,"s:329:8:329:Infinity":180,"s:332:23:332:78":181,"f:332:44:332:45":24,"s:332:51:332:77":182,"b:333:6:335:Infinity:undefined:undefined:undefined:undefined":60,"s:333:6:335:Infinity":183,"s:334:8:334:Infinity":184,"s:336:6:336:Infinity":185,"f:340:2:340:19":25,"s:341:18:341:20":186,"b:342:4:342:Infinity:undefined:undefined:undefined:undefined":61,"s:342:4:342:Infinity":187,"s:342:32:342:Infinity":188,"b:343:4:343:Infinity:undefined:undefined:undefined:undefined":62,"s:343:4:343:Infinity":189,"s:343:33:343:Infinity":190,"b:344:4:344:Infinity:undefined:undefined:undefined:undefined":63,"s:344:4:344:Infinity":191,"s:344:28:344:Infinity":192,"s:345:4:345:Infinity":193,"f:348:8:348:24":26,"s:349:19:349:42":194,"b:350:4:350:Infinity:undefined:undefined:undefined:undefined":64,"s:350:4:350:Infinity":195,"s:350:34:350:Infinity":196,"s:352:17:352:33":197,"b:352:17:352:27:352:31:352:33":65,"b:353:4:374:Infinity:undefined:undefined:undefined:undefined":66,"s:353:4:374:Infinity":198,"b:353:8:353:32:353:36:353:58":67,"s:354:35:354:50":199,"s:355:23:355:37":200,"s:356:23:356:69":201,"s:358:6:358:Infinity":202,"s:359:6:359:Infinity":203,"s:361:6:371:Infinity":204,"s:362:8:368:Infinity":205,"b:363:44:363:55:363:58:363:68":68,"s:373:6:373:Infinity":206,"f:382:8:382:19":27,"s:383:4:383:Infinity":207,"f:386:2:386:6":28,"b:387:4:387:Infinity:undefined:undefined:undefined:undefined":69,"s:387:4:387:Infinity":208,"s:387:18:387:Infinity":209},"fnNames":{}}}
,"/home/galiprandi/repos/acp-connector/src/bridge.js": {"path":"/home/galiprandi/repos/acp-connector/src/bridge.js","statementMap":{"0":{"start":{"line":12,"column":16},"end":{"line":12,"column":31}},"1":{"start":{"line":13,"column":16},"end":{"line":13,"column":30}},"2":{"start":{"line":14,"column":14},"end":{"line":14,"column":45}},"3":{"start":{"line":15,"column":14},"end":{"line":15,"column":26}},"4":{"start":{"line":16,"column":14},"end":{"line":16,"column":45}},"5":{"start":{"line":17,"column":2},"end":{"line":17,"column":null}},"6":{"start":{"line":18,"column":2},"end":{"line":18,"column":null}},"7":{"start":{"line":19,"column":2},"end":{"line":19,"column":null}},"8":{"start":{"line":26,"column":17},"end":{"line":26,"column":29}},"9":{"start":{"line":27,"column":2},"end":{"line":30,"column":null}},"10":{"start":{"line":28,"column":4},"end":{"line":28,"column":null}},"11":{"start":{"line":29,"column":4},"end":{"line":29,"column":null}},"12":{"start":{"line":32,"column":2},"end":{"line":32,"column":null}},"13":{"start":{"line":35,"column":14},"end":{"line":40,"column":4}},"14":{"start":{"line":43,"column":14},"end":{"line":50,"column":4}},"15":{"start":{"line":53,"column":22},"end":{"line":57,"column":4}},"16":{"start":{"line":56,"column":31},"end":{"line":56,"column":62}},"17":{"start":{"line":60,"column":25},"end":{"line":66,"column":4}},"18":{"start":{"line":63,"column":31},"end":{"line":63,"column":62}},"19":{"start":{"line":64,"column":35},"end":{"line":64,"column":64}},"20":{"start":{"line":69,"column":2},"end":{"line":69,"column":null}},"21":{"start":{"line":69,"column":36},"end":{"line":69,"column":78}},"22":{"start":{"line":72,"column":21},"end":{"line":81,"column":4}},"23":{"start":{"line":75,"column":31},"end":{"line":75,"column":62}},"24":{"start":{"line":76,"column":22},"end":{"line":80,"column":5}},"25":{"start":{"line":84,"column":2},"end":{"line":84,"column":null}},"26":{"start":{"line":84,"column":33},"end":{"line":84,"column":62}},"27":{"start":{"line":87,"column":2},"end":{"line":92,"column":null}},"28":{"start":{"line":88,"column":4},"end":{"line":88,"column":null}},"29":{"start":{"line":90,"column":4},"end":{"line":90,"column":null}},"30":{"start":{"line":91,"column":4},"end":{"line":91,"column":null}},"31":{"start":{"line":95,"column":2},"end":{"line":95,"column":null}},"32":{"start":{"line":98,"column":2},"end":{"line":98,"column":null}},"33":{"start":{"line":101,"column":2},"end":{"line":101,"column":null}},"34":{"start":{"line":104,"column":15},"end":{"line":104,"column":52}},"35":{"start":{"line":105,"column":2},"end":{"line":105,"column":null}},"36":{"start":{"line":106,"column":2},"end":{"line":106,"column":null}},"37":{"start":{"line":107,"column":2},"end":{"line":107,"column":null}},"38":{"start":{"line":108,"column":2},"end":{"line":108,"column":null}},"39":{"start":{"line":109,"column":2},"end":{"line":109,"column":null}},"40":{"start":{"line":110,"column":2},"end":{"line":112,"column":null}},"41":{"start":{"line":111,"column":4},"end":{"line":111,"column":null}},"42":{"start":{"line":113,"column":2},"end":{"line":115,"column":null}},"43":{"start":{"line":114,"column":4},"end":{"line":114,"column":null}},"44":{"start":{"line":116,"column":2},"end":{"line":118,"column":null}},"45":{"start":{"line":117,"column":4},"end":{"line":117,"column":null}},"46":{"start":{"line":119,"column":2},"end":{"line":119,"column":null}},"47":{"start":{"line":120,"column":2},"end":{"line":120,"column":null}},"48":{"start":{"line":121,"column":2},"end":{"line":121,"column":null}},"49":{"start":{"line":124,"column":19},"end":{"line":131,"column":3}},"50":{"start":{"line":125,"column":4},"end":{"line":125,"column":null}},"51":{"start":{"line":126,"column":4},"end":{"line":126,"column":null}},"52":{"start":{"line":127,"column":4},"end":{"line":127,"column":null}},"53":{"start":{"line":128,"column":4},"end":{"line":128,"column":null}},"54":{"start":{"line":129,"column":4},"end":{"line":129,"column":null}},"55":{"start":{"line":130,"column":4},"end":{"line":130,"column":null}},"56":{"start":{"line":132,"column":2},"end":{"line":132,"column":null}},"57":{"start":{"line":132,"column":29},"end":{"line":132,"column":47}},"58":{"start":{"line":133,"column":2},"end":{"line":133,"column":null}},"59":{"start":{"line":133,"column":30},"end":{"line":133,"column":49}},"60":{"start":{"line":136,"column":2},"end":{"line":136,"column":null}}},"fnMap":{"0":{"name":"printBanner","decl":{"start":{"line":11,"column":9},"end":{"line":11,"column":20}},"loc":{"start":{"line":11,"column":23},"end":{"line":20,"column":null}},"line":11},"1":{"name":"run","decl":{"start":{"line":25,"column":22},"end":{"line":25,"column":25}},"loc":{"start":{"line":25,"column":28},"end":{"line":137,"column":null}},"line":25},"2":{"name":"(anonymous_2)","decl":{"start":{"line":56,"column":13},"end":{"line":56,"column":14}},"loc":{"start":{"line":56,"column":31},"end":{"line":56,"column":62}},"line":56},"3":{"name":"(anonymous_3)","decl":{"start":{"line":63,"column":13},"end":{"line":63,"column":14}},"loc":{"start":{"line":63,"column":31},"end":{"line":63,"column":62}},"line":63},"4":{"name":"(anonymous_4)","decl":{"start":{"line":64,"column":17},"end":{"line":64,"column":18}},"loc":{"start":{"line":64,"column":35},"end":{"line":64,"column":64}},"line":64},"5":{"name":"(anonymous_5)","decl":{"start":{"line":69,"column":18},"end":{"line":69,"column":19}},"loc":{"start":{"line":69,"column":36},"end":{"line":69,"column":78}},"line":69},"6":{"name":"(anonymous_6)","decl":{"start":{"line":75,"column":13},"end":{"line":75,"column":14}},"loc":{"start":{"line":75,"column":31},"end":{"line":75,"column":62}},"line":75},"7":{"name":"(anonymous_7)","decl":{"start":{"line":76,"column":15},"end":{"line":76,"column":16}},"loc":{"start":{"line":76,"column":22},"end":{"line":80,"column":5}},"line":76},"8":{"name":"(anonymous_8)","decl":{"start":{"line":84,"column":21},"end":{"line":84,"column":22}},"loc":{"start":{"line":84,"column":33},"end":{"line":84,"column":62}},"line":84},"9":{"name":"(anonymous_9)","decl":{"start":{"line":124,"column":19},"end":{"line":124,"column":20}},"loc":{"start":{"line":124,"column":28},"end":{"line":131,"column":3}},"line":124},"10":{"name":"(anonymous_10)","decl":{"start":{"line":132,"column":23},"end":{"line":132,"column":24}},"loc":{"start":{"line":132,"column":29},"end":{"line":132,"column":47}},"line":132},"11":{"name":"(anonymous_11)","decl":{"start":{"line":133,"column":24},"end":{"line":133,"column":25}},"loc":{"start":{"line":133,"column":30},"end":{"line":133,"column":49}},"line":133},"12":{"name":"(anonymous_12)","decl":{"start":{"line":136,"column":14},"end":{"line":136,"column":15}},"loc":{"start":{"line":136,"column":20},"end":{"line":136,"column":22}},"line":136}},"branchMap":{"0":{"loc":{"start":{"line":27,"column":2},"end":{"line":30,"column":null}},"type":"if","locations":[{"start":{"line":27,"column":2},"end":{"line":30,"column":null}},{"start":{},"end":{}}],"line":27},"1":{"loc":{"start":{"line":54,"column":10},"end":{"line":54,"column":27}},"type":"binary-expr","locations":[{"start":{"line":54,"column":10},"end":{"line":54,"column":21}},{"start":{"line":54,"column":25},"end":{"line":54,"column":27}}],"line":54},"2":{"loc":{"start":{"line":61,"column":14},"end":{"line":61,"column":35}},"type":"binary-expr","locations":[{"start":{"line":61,"column":14},"end":{"line":61,"column":29}},{"start":{"line":61,"column":33},"end":{"line":61,"column":35}}],"line":61},"3":{"loc":{"start":{"line":73,"column":13},"end":{"line":73,"column":42}},"type":"binary-expr","locations":[{"start":{"line":73,"column":13},"end":{"line":73,"column":33}},{"start":{"line":73,"column":37},"end":{"line":73,"column":42}}],"line":73},"4":{"loc":{"start":{"line":74,"column":10}
[...]
:{"line":220,"column":34},"end":{"line":220,"column":49}},"line":220},"14":{"name":"_routineRemove","decl":{"start":{"line":231,"column":8},"end":{"line":231,"column":22}},"loc":{"start":{"line":231,"column":40},"end":{"line":246,"column":null}},"line":231},"15":{"name":"(anonymous_15)","decl":{"start":{"line":237,"column":40},"end":{"line":237,"column":41}},"loc":{"start":{"line":237,"column":47},"end":{"line":237,"column":62}},"line":237},"16":{"name":"_handleRun","decl":{"start":{"line":248,"column":8},"end":{"line":248,"column":18}},"loc":{"start":{"line":248,"column":33},"end":{"line":264,"column":null}},"line":248},"17":{"name":"(anonymous_17)","decl":{"start":{"line":254,"column":39},"end":{"line":254,"column":40}},"loc":{"start":{"line":254,"column":46},"end":{"line":254,"column":61}},"line":254},"18":{"name":"_persist","decl":{"start":{"line":266,"column":2},"end":{"line":266,"column":10}},"loc":{"start":{"line":266,"column":13},"end":{"line":272,"column":null}},"line":266}},"branchMap":{"0":{"loc":{"start":{"line":23,"column":20},"end":{"line":23,"column":34}},"type":"binary-expr","locations":[{"start":{"line":23,"column":20},"end":{"line":23,"column":28}},{"start":{"line":23,"column":32},"end":{"line":23,"column":34}}],"line":23},"1":{"loc":{"start":{"line":27,"column":26},"end":{"line":27,"column":46}},"type":"binary-expr","locations":[{"start":{"line":27,"column":26},"end":{"line":27,"column":40}},{"start":{"line":27,"column":44},"end":{"line":27,"column":46}}],"line":27},"2":{"loc":{"start":{"line":37,"column":4},"end":{"line":37,"column":null}},"type":"if","locations":[{"start":{"line":37,"column":4},"end":{"line":37,"column":null}},{"start":{},"end":{}}],"line":37},"3":{"loc":{"start":{"line":43,"column":4},"end":{"line":52,"column":null}},"type":"switch","locations":[{"start":{"line":44,"column":6},"end":{"line":45,"column":null}},{"start":{"line":46,"column":6},"end":{"line":47,"column":null}},{"start":{"line":48,"column":6},"end":{"line":49,"column":null}},{"start":{"line":50,"column":6},"end":{"line":51,"column":null}}],"line":43},"4":{"loc":{"start":{"line":59,"column":4},"end":{"line":84,"column":null}},"type":"switch","locations":[{"start":{"line":60,"column":6},"end":{"line":61,"column":null}},{"start":{"line":62,"column":6},"end":{"line":63,"column":null}},{"start":{"line":64,"column":6},"end":{"line":64,"column":null}},{"start":{"line":65,"column":6},"end":{"line":66,"column":null}},{"start":{"line":67,"column":6},"end":{"line":68,"column":null}},{"start":{"line":69,"column":6},"end":{"line":70,"column":null}},{"start":{"line":71,"column":6},"end":{"line":83,"column":null}}],"line":59},"5":{"loc":{"start":{"line":89,"column":4},"end":{"line":92,"column":null}},"type":"if","locations":[{"start":{"line":89,"column":4},"end":{"line":92,"column":null}},{"start":{},"end":{}}],"line":89},"6":{"loc":{"start":{"line":94,"column":21},"end":{"line":94,"column":52}},"type":"cond-expr","locations":[{"start":{"line":94,"column":43},"end":{"line":94,"column":46}},{"start":{"line":94,"column":49},"end":{"line":94,"column":52}}],"line":94},"7":{"loc":{"start":{"line":104,"column":4},"end":{"line":110,"column":null}},"type":"if","locations":[{"start":{"line":104,"column":4},"end":{"line":110,"column":null}},{"start":{},"end":{}}],"line":104},"8":{"loc":{"start":{"line":116,"column":4},"end":{"line":119,"column":null}},"type":"if","locations":[{"start":{"line":116,"column":4},"end":{"line":119,"column":null}},{"start":{},"end":{}}],"line":116},"9":{"loc":{"start":{"line":131,"column":4},"end":{"line":134,"column":null}},"type":"if","locations":[{"start":{"line":131,"column":4},"end":{"line":134,"column":null}},{"start":{},"end":{}}],"line":131},"10":{"loc":{"start":{"line":136,"column":4},"end":{"line":139,"column":null}},"type":"if","locations":[{"start":{"line":136,"column":4},"end":{"line":139,"column":null}},{"start":{},"end":{}}],"line":136},"11":{"loc":{"start":{"line":147,"column":4},"end":{"line":150,"column":null}},"type":"if","locations":[{"start":{"line":147,"column":4},"end":{"line":150,"column":null}},{"start":{},"end":{}}],"line":147},"12":{"loc":{"start":{"line":154,"column":9},"end":{"line":154,"column":29}},"type":"cond-expr","locations":[{"start":{"line":154,"column":20},"end":{"line":154,"column":23}},{"start":{"line":154,"column":26},"end":{"line":154,"column":29}}],"line":154},"13":{"loc":{"start":{"line":154,"column":54},"end":{"line":154,"column":87}},"type":"cond-expr","locations":[{"start":{"line":154,"column":65},"end":{"line":154,"column":76}},{"start":{"line":154,"column":79},"end":{"line":154,"column":87}}],"line":154},"14":{"loc":{"start":{"line":162,"column":4},"end":{"line":165,"column":null}},"type":"if","locations":[{"start":{"line":162,"column":4},"end":{"line":165,"column":null}},{"start":{},"end":{}}],"line":162},"15":{"loc":{"start":{"line":167,"column":4},"end":{"line":170,"column":null}},"type":"if","locations":[{"start":{"line":167,"column":4},"end":{"line":170,"column":null}},{"start":{},"end":{}}],"line":167},"16":{"loc":{"start":{"line":179,"column":4},"end":{"line":198,"column":null}},"type":"switch","locations":[{"start":{"line":180,"column":6},"end":{"line":181,"column":null}},{"start":{"line":182,"column":6},"end":{"line":183,"column":null}},{"start":{"line":184,"column":6},"end":{"line":184,"column":null}},{"start":{"line":185,"column":6},"end":{"line":186,"column":null}},{"start":{"line":187,"column":6},"end":{"line":197,"column":null}}],"line":179},"17":{"loc":{"start":{"line":202,"column":4},"end":{"line":205,"column":null}},"type":"if","locations":[{"start":{"line":202,"column":4},"end":{"line":205,"column":null}},{"start":{},"end":{}}],"line":202},"18":{"loc":{"start":{"line":213,"column":4},"end":{"line":216,"column":null}},"type":"if","locations":[{"start":{"line":213,"column":4},"end":{"line":216,"column":null}},{"start":{},"end":{}}],"line":213},"19":{"loc":{"start":{"line":220,"column":4},"end":{"line":223,"column":null}},"type":"if","locations":[{"start":{"line":220,"column":4},"end":{"line":223,"column":null}},{"start":{},"end":{}}],"line":220},"20":{"loc":{"start":{"line":233,"column":4},"end":{"line":236,"column":null}},"type":"if","locations":[{"start":{"line":233,"column":4},"end":{"line":236,"column":null}},{"start":{},"end":{}}],"line":233},"21":{"loc":{"start":{"line":238,"column":4},"end":{"line":241,"column":null}},"type":"if","locations":[{"start":{"line":238,"column":4},"end":{"line":241,"column":null}},{"start":{},"end":{}}],"line":238},"22":{"loc":{"start":{"line":250,"column":4},"end":{"line":253,"column":null}},"type":"if","locations":[{"start":{"line":250,"column":4},"end":{"line":253,"column":null}},{"start":{},"end":{}}],"line":250},"23":{"loc":{"start":{"line":255,"column":4},"end":{"line":261,"column":null}},"type":"if","locations":[{"start":{"line":255,"column":4},"end":{"line":261,"column":null}},{"start":{},"end":{}}],"line":255},"24":{"loc":{"start":{"line":268,"column":4},"end":{"line":268,"column":null}},"type":"if","locations":[{"start":{"line":268,"column":4},"end":{"line":268,"column":null}},{"start":{},"end":{}}],"line":268}},"s":{"0":18,"1":18,"2":18,"3":18,"4":18,"5":18,"6":1,"7":17,"8":17,"9":17,"10":17,"11":6,"12":7,"13":3,"14":1,"15":6,"16":6,"17":6,"18":1,"19":1,"20":1,"21":1,"22":1,"23":1,"24":1,"25":1,"26":1,"27":0,"28":0,"29":1,"30":1,"31":1,"32":1,"33":1,"34":1,"35":1,"36":0,"37":0,"38":1,"39":1,"40":1,"41":1,"42":1,"43":0,"44":0,"45":1,"46":1,"47":1,"48":1,"49":1,"50":0,"51":0,"52":1,"53":1,"54":0,"55":0,"56":1,"57":1,"58":1,"59":1,"60":1,"61":0,"62":0,"63":1,"64":1,"65":1,"66":1,"67":1,"68":1,"69":0,"70":0,"71":1,"72":1,"73":0,"74":0,"75":1,"76":1,"77":7,"78":7,"79":7,"80":2,"81":2,"82":2,"83":1,"84":1,"85":2,"86":1,"87":1,"88":1,"89":2,"90":1,"91":1,"92":2,"93":2,"94":0,"95":0,"96":2,"97":2,"98":2,"99":1,"100":1,"101":1,"102":1,"103":1,"104":1,"105":1,"106":2,"107":2,"108":0,"109":0,"110":2,"111":1,"112":2,"113":1,"114":1,"115":1,"116":1,"117":1,"118":1,"119":3,"120":3,"121":1,"122":1,"123":2,"124":1,"125":2,"126":1,"127":1,"128":1,"129":1,"130":5,"131":5,"132":0,"133":5,"134":5,"135":5},"f":{"0":18,"1":18,"2":6,"3":1,"4":1,"5":1,"6":1,"7":1,"8":1,"9":7,"10":2,"11":2,"12":2,"13":1,"14":2,"15":1,"16":3,"17":1,"18":5},"b":{"0":[18,0],"1":[18,0],"2":[1,17],"3":[6,7,3,1],"4":[1,1,1,1,1,1,1],"5":[0,1],"6":[0,1],"7":[0,1],"8":[0,1],"9":[0,1],"10":[0,1],"11":[0,1],"12":[1,0],"13":[1,0],"14":[0,1],"15":[0,1],"16":[2,2,2,2,1],"17":[1,1],"18":[0,2],"19":[1,1],"20":[0,2],"21":[1,1],"22":[1,2],"23":[1,1],"24":[0,5]},"meta":{"lastBranch":25,"lastFunction":19,"lastStatement":136,"seen":{"f:22:2:22:13":0,"s:23:4:23:Infinity":0,"b:23:20:23:28:23:32:23:34":0,"s:24:4:24:Infinity":1,"s:25:4:25:Infinity":2,"s:26:4:26:Infinity":3,"s:27:4:27:Infinity":4,"b:27:26:27:40:27:44:27:46":1,"f:36:8:36:21":1,"b:37:4:37:Infinity:undefined:undefined:undefined:undefined":2,"s:37:4:37:Infinity":5,"s:37:31:37:Infinity":6,"s:39:18:39:44":7,"s:40:16:40:24":8,"s:41:17:41:41":9,"b:44:6:45:Infinity:46:6:47:Infinity:48:6:49:Infinity:50:6:51:Infinity":3,"s:43:4:52:Infinity":10,"s:45:8:45:Infinity":11,"s:47:8:47:Infinity":12,"s:49:8:49:Infinity":13,"s:51:8:51:Infinity":14,"f:55:8:55:19":2,"s:56:34:56:51":15,"s:57:20:57:34":16,"b:60:6:61:Infinity:62:6:63:Infinity:64:6:64:Infinity:65:6:66:Infinity:67:6:68:Infinity:69:6:70:Infinity:71:6:83:Infinity":4,"s:59:4:84:Infinity":17,"s:61:8:61:Infinity":18,"s:63:8:63:Infinity":19,"s:66:8:66:Infinity":20,"s:68:8:68:Infinity":21,"s:70:8:70:Infinity":22,"s:72:8:82:Infinity":23,"s:83:8:83:Infinity":24,"f:87:8:87:17":3,"s:88:17:88:40":25,"b:89:4:92:Infinity:undefined:undefined:undefined:undefined":5,"s:89:4:92:Infinity":26,"s:90:6:90:Infinity":27,"s:91:6:91:Infinity":28,"s:93:18:96:6":29,"f:93:27:93:28":4,"s:94:21:94:52":30,"b:94:43:94:46:94:49:94:52":6,"s:95:6:95:Infinity":31,"s:97:4:97:Infinity":32,"s:98:4:98:Infinity":33,"f:101:8:101:16":5,"s:103:21:103:41":34,"b:104:4:110:Infinity:undefined:undefined:undefined:undefined":7,"s:104:4:110:Infinity":35,"s:105:6:108:Infinity":36,"s:109:6:109:Infinity":37,"s:111:21:111:47":38,"s:112:19:112:46":39,"s:113:17:113:37":40,"s:115:16:115:72":41,"b:116:4:119:Infinity:undefined:undefined:undefined:undefined":8,"s:116:4:119:Infinity":42,"s:117:6:117:Infinity":43,"s:118:6:118:Infinity":44,"s:121:4:121:Infinity":45,"s:122:4:125:Infinity":46,"s:126:4:126:Infinity":47,"f:129:8:129:19":6,"s:130:17:130:31":48,"b:131:4:134:Infinity:undefined:undefined:undefined:undefined":9,"s:131:4:134:Infinity":49,"s:132:6:132:Infinity":50,"s:133:6:133:Infinity":51,"s:135:20:135:49":52,"b:136:4:139:Infinity:undefined:undefined:undefined:undefined":10,"s:136:4:139:Infinity":53,"s:137:6:137:Infinity":54,"s:138:6:138:Infinity":55,"s:140:4:140:Infinity":56,"s:141:4:141:Infinity":57,"s:142:4:142:Infinity":58,"f:145:8:145:19":7,"s:146:17:146:31":59,"b:147:4:150:Infinity:undefined:undefined:undefined:undefined":11,"s:147:4:150:Infinity":60,"s:148:6:148:Infinity":61,"s:149:6:149:Infinity":62,"s:151:21:151:50":63,"s:152:4:155:Infinity":64,"b:154:20:154:23:154:26:154:29":12,"b:154:65:154:76:154:79:154:87":13,"s:156:4:156:Infinity":65,"s:157:4:157:Infinity":66,"f:160:8:160:16":8,"s:161:17:161:31":67,"b:162:4:165:Infinity:undefined:undefined:undefined:undefined":14,"s:162:4:165:Infinity":68,"s:163:6:163:Infinity":69,"s:164:6:164:Infinity":70,"s:166:19:166:45":71,"b:167:4:170:Infinity:undefined:undefined:undefined:undefined":15,"s:167:4:170:Infinity":72,"s:168:6:168:Infinity":73,"s:169:6:169:Infinity":74,"s:171:4:171:Infinity":75,"s:172:4:172:Infinity":76,"f:175:8:175:22":9,"s:176:34:176:51":77,"s:177:20:177:34":78,"b:180:6:181:Infinity:182:6:183:Infinity:184:6:184:Infinity:185:6:186:Infinity:187:6:197:Infinity":16,"s:179:4:198:Infinity":79,"s:181:8:181:Infinity":80,"s:183:8:183:Infinity":81,"s:186:8:186:Infinity":82,"s:188:8:196:Infinity":83,"s:197:8:197:Infinity":84,"f:201:8:201:20":10,"b:202:4:205:Infinity:undefined:undefined:undefined:undefined":17,"s:202:4:205:Infinity":85,"s:203:6:203:Infinity":86,"s:204:6:204:Infinity":87,"s:206:18:206:86":88,"f:206:36:206:37":11,"s:206:43:206:85":89,"s:207:4:207:Infinity":90,"s:208:4:208:Infinity":91,"f:211:8:211:19":12,"s:212:21:212:41":92,"b:213:4:216:Infinity:undefined:undefined:undefined:undefined":18,"s:213:4:216:Infinity":93,"s:214:6:214:Infinity":94,"s:215:6:215:Infinity":95,"s:217:17:217:43":96,"s:218:19:218:46":97,"b:220:4:223:Infinity:undefined:undefined:undefined:undefined":19,"s:220:4:223:Infinity":98,"f:220:27:220:28":13,"s:220:34:220:49":99,"s:221:6:221:Infinity":100,"s:222:6:222:Infinity":101,"s:225:4:225:Infinity":102,"s:226:4:226:Infinity":103,"s:227:4:227:Infinity":104,"s:228:4:228:Infinity":105,"f:231:8:231:22":14,"s:232:17:232:31":106,"b:233:4:236:Infinity:undefined:undefined:undefined:undefined":20,"s:233:4:236:Infinity":107,"s:234:6:234:Infinity":108,"s:235:6:235:Infinity":109,"s:237:16:237:63":110,"f:237:40:237:41":15,"s:237:47:237:62":111,"b:238:4:241:Infinity:undefined:undefined:undefined:undefined":21,"s:238:4:241:Infinity":112,"s:239:6:239:Infinity":113,"s:240:6:240:Infinity":114,"s:242:4:242:Infinity":115,"s:243:4:243:Infinity":116,"s:244:4:244:Infinity":117,"s:245:4:245:Infinity":118,"f:248:8:248:18":16,"s:249:17:249:28":119,"b:250:4:253:Infinity:undefined:undefined:undefined:undefined":22,"s:250:4:253:Infinity":120,"s:251:6:251:Infinity":121,"s:252:6:252:Infinity":122,"s:254:20:254:62":123,"f:254:39:254:40":17,"s:254:46:254:61":124,"b:255:4:261:Infinity:undefined:undefined:undefined:undefined":23,"s:255:4:261:Infinity":125,"s:256:6:259:Infinity":126,"s:260:6:260:Infinity":127,"s:262:4:262:Infinity":128,"s:263:4:263:Infinity":129,"f:266:2:266:10":18,"s:267:19:267:31":130,"b:268:4:268:Infinity:undefined:undefined:undefined:undefined":24,"s:268:4:268:Infinity":131,"s:268:17:268:Infinity":132,"s:269:4:269:Infinity":133,"s:270:4:270:Infinity":134,"s:271:4:271:Infinity":135},"fnNames":{}}}
,"/home/galiprandi/repos/acp-connector/src/setup.js": {"path":"/home/galiprandi/repos/acp-connector/src/setup.js","statementMap":{"0":{"start":{"line":10,"column":2},"end":{"line":10,"column":null}},"1":{"start":{"line":10,"column":34},"end":{"line":10,"column":89}},"2":{"start":{"line":10,"column":66},"end":{"line":10,"column":88}},"3":{"start":{"line":17,"column":13},"end":{"line":17,"column":78}},"4":{"start":{"line":19,"column":2},"end":{"line":19,"column":null}},"5":{"start":{"line":20,"column":2},"end":{"line":20,"column":null}},"6":{"start":{"line":22,"column":24},"end":{"line":22,"column":72}},"7":{"start":{"line":23,"column":2},"end":{"line":27,"column":null}},"8":{"start":{"line":24,"column":4},"end":{"line":24,"column":null}},"9":{"start":{"line":25,"column":4},"end":{"line":25,"column":null}},"10":{"start":{"line":26,"column":4},"end":{"line":26,"column":null}},"11":{"start":{"line":29,"column":19},"end":{"line":29,"column":86}},"12":{"start":{"line":30,"column":2},"end":{"line":34,"column":null}},"13":{"start":{"line":31,"column":4},"end":{"line":31,"column":null}},"14":{"start":{"line":32,"column":4},"end":{"line":32,"column":null}},"15":{"start":{"line":33,"column":4},"end":{"line":33,"column":null}},"16":{"start":{"line":36,"column":2},"end":{"line":36,"column":null}},"17":{"start":{"line":37,"column":20},"end":{"line":37,"column":71}},"18":{"start":{"line":38,"column":17},"end":{"line":38,"column":34}},"19":{"start":{"line":39,"column":2},"end":{"line":43,"column":null}},"20":{"start":{"line":40,"column":4},"end":{"line":40,"column":null}},"21":{"start":{"line":41,"column":4},"end":{"line":41,"column":null}},"22":{"start":{"line":42,"column":4},"end":{"line":42,"column":null}},"23":{"start":{"line":45,"column":28},"end":{"line":48,"column":3}},"24":{"start":{"line":50,"column":26},"end":{"line":50,"column":83}},"25":{"start":{"line":52,"column":4},"end":{"line":52,"column":84}},"26":{"start":{"line":54,"column":2},"end":{"line":54,"column":null}},"27":{"start":{"line":56,"column":2},"end":{"line":67,"column":null}},"28":{"start":{"line":69,"column":2},"end":{"line":69,"column":null}},"29":{"start":{"line":70,"column":2},"end":{"line":70,"column":null}},"30":{"start":{"line":71,"column":2},"end":{"line":71,"column":null}},"31":{"start":{"line":72,"column":2},"end":{"line":72,"column":null}},"32":{"start":{"line":73,"column":2},"end":{"line":73,"column":null}},"33":{"start":{"line":74,"column":2},"end":{"line":74,"column":null}}},"fnMap":{"0":{"name":"ask","decl":{"start":{"line":9,"column":9},"end":{"line":9,"column":12}},"loc":{"start":{"line":9,"column":25},"end":{"line":11,"column":null}},"line":9},"1":{"name":"(anonymous_1)","decl":{"start":{"line":10,"column":21},"end":{"line":10,"column":22}},"loc":{"start":{"line":10,"column":34},"end":{"line":10,"column":89}},"line":10},"2":{"name":"(anonymous_2)","decl":{"start":{"line":10,"column":54},"end":{"line":10,"column":55}},"loc":{"start":{"line":10,"column":66},"end":{"line":10,"column":88}},"line":10},"3":{"name":"setup","decl":{"start":{"line":16,"column":22},"end":{"line":16,"column":27}},"loc":{"start":{"line":16,"column":30},"end":{"line":75,"column":null}},"line":16}},"branchMap":{"0":{"loc":{"start":{"line":23,"column":2},"end":{"line":27,"column":null}},"type":"if","locations":[{"start":{"line":23,"column":2},"end":{"line":27,"column":null}},{"start":{},"end":{}}],"line":23},"1":{"loc":{"start":{"line":30,"column":2},"end":{"line":34,"column":null}},"type":"if","locations":[{"start":{"line":30,"column":2},"end":{"line":34,"column":null}},{"start":{},"end":{}}],"line":30},"2":{"loc":{"start":{"line":39,"column":2},"end":{"line":43,"column":null}},"type":"if","locations":[{"start":{"line":39,"column":2},"end":{"line":43,"column":null}},{"start":{},"end":{}}],"line":39},"3":{"loc":{"start":{"line":39,"column":6},"end":{"line":39,"column":40}},"type":"binary-expr","locations":[{"start":{"line":39,"column":6},"end":{"line":39,"column":16}},{"start":{"line":39,"column":20},"end":{"line":39,"column":40}}],"line":39},"4":{"loc":{"start":{"line":52,"column":4},"end":{"line":52,"column":84}},"type":"binary-expr","locations":[{"start":{"line":52,"column":4},"end":{"line":52,"column":41}},{"start":{"line":52,"column":45},"end":{"line":52,"column":84}}],"line":52},"5":{"loc":{"start":{"line":61,"column":23},"end":{"line":61,"column":53}},"type":"binary-expr","locations":[{"start":{"line":61,"column":23},"end":{"line":61,"column":40}},{"start":{"line":61,"column":44},"end":{"line":61,"column":53}}],"line":61}},"s":{"0":0,"1":0,"2":0,"3":0,"4":0,"5":0,"6":0,"7":0,"8":0,"9":0,"10":0,"11":0,"12":0,"13":0,"14":0,"15":0,"16":0,"17":0,"18":0,"19":0,"20":0,"21":0,"22":0,"23":0,"24":0,"25":0,"26":0,"27":0,"28":0,"29":0,"30":0,"31":0,"32":0,"33":0},"f":{"0":0,"1":0,"2":0,"3":0},"b":{"0":[0,0],"1":[0,0],"2":[0,0],"3":[0,0],"4":[0,0],"5":[0,0]},"meta":{"lastBranch":6,"lastFunction":4,"lastStatement":34,"seen":{"f:9:9:9:12":0,"s:10:2:10:Infinity":0,"f:10:21:10:22":1,"s:10:34:10:89":1,"f:10:54:10:55":2,"s:10:66:10:88":2,"f:16:22:16:27":3,"s:17:13:17:78":3,"s:19:2:19:Infinity":4,"s:20:2:20:Infinity":5,"s:22:24:22:72":6,"b:23:2:27:Infinity:undefined:undefined:undefined:undefined":0,"s:23:2:27:Infinity":7,"s:24:4:24:Infinity":8,"s:25:4:25:Infinity":9,"s:26:4:26:Infinity":10,"s:29:19:29:86":11,"b:30:2:34:Infinity:undefined:undefined:undefined:undefined":1,"s:30:2:34:Infinity":12,"s:31:4:31:Infinity":13,"s:32:4:32:Infinity":14,"s:33:4:33:Infinity":15,"s:36:2:36:Infinity":16,"s:37:20:37:71":17,"s:38:17:38:34":18,"b:39:2:43:Infinity:undefined:undefined:undefined:undefined":2,"s:39:2:43:Infinity":19,"b:39:6:39:16:39:20:39:40":3,"s:40:4:40:Infinity":20,"s:41:4:41:Infinity":21,"s:42:4:42:Infinity":22,"s:45:28:48:3":23,"s:50:26:50:83":24,"s:52:4:52:84":25,"b:52:4:52:41:52:45:52:84":4,"s:54:2:54:Infinity":26,"s:56:2:67:Infinity":27,"b:61:23:61:40:61:44:61:53":5,"s:69:2:69:Infinity":28,"s:70:2:70:Infinity":29,"s:71:2:71:Infinity":30,"s:72:2:72:Infinity":31,"s:73:2:73:Infinity":32,"s:74:2:74:Infinity":33},"fnNames":{}}}
}
